[2022-08-23 15:07:49] production.WARNING: GuzzleHttp\Exception\RequestException: cURL error 51: SSL: no alternative certificate subject name matches target host name 'paid1.bluedhost.tk' (see https://curl.haxx.se/libcurl/c/libcurl-errors.html) for https://paid1.bluedhost.tk:8080/api/update in /var/www/jexactyl/vendor/guzzlehttp/guzzle/src/Handler/CurlFactory.php:211
Stack trace:
#0 /var/www/jexactyl/vendor/guzzlehttp/guzzle/src/Handler/CurlFactory.php(158): GuzzleHttp\Handler\CurlFactory::createRejection()
#1 /var/www/jexactyl/vendor/guzzlehttp/guzzle/src/Handler/CurlFactory.php(110): GuzzleHttp\Handler\CurlFactory::finishError()
#2 /var/www/jexactyl/vendor/guzzlehttp/guzzle/src/Handler/CurlHandler.php(47): GuzzleHttp\Handler\CurlFactory::finish()
#3 /var/www/jexactyl/vendor/guzzlehttp/guzzle/src/Handler/Proxy.php(28): GuzzleHttp\Handler\CurlHandler->__invoke()
#4 /var/www/jexactyl/vendor/guzzlehttp/guzzle/src/Handler/Proxy.php(48): GuzzleHttp\Handler\Proxy::GuzzleHttp\Handler\{closure}()
#5 /var/www/jexactyl/vendor/guzzlehttp/guzzle/src/PrepareBodyMiddleware.php(64): GuzzleHttp\Handler\Proxy::GuzzleHttp\Handler\{closure}()
#6 /var/www/jexactyl/vendor/guzzlehttp/guzzle/src/Middleware.php(31): GuzzleHttp\PrepareBodyMiddleware->__invoke()
#7 /var/www/jexactyl/vendor/guzzlehttp/guzzle/src/RedirectMiddleware.php(71): GuzzleHttp\Middleware::GuzzleHttp\{closure}()
#8 /var/www/jexactyl/vendor/guzzlehttp/guzzle/src/Middleware.php(63): GuzzleHttp\RedirectMiddleware->__invoke()
#9 /var/www/jexactyl/vendor/guzzlehttp/guzzle/src/HandlerStack.php(75): GuzzleHttp\Middleware::GuzzleHttp\{closure}()
#10 /var/www/jexactyl/vendor/guzzlehttp/guzzle/src/Client.php(331): GuzzleHttp\HandlerStack->__invoke()
#11 /var/www/jexactyl/vendor/guzzlehttp/guzzle/src/Client.php(168): GuzzleHttp\Client->transfer()
#12 /var/www/jexactyl/vendor/guzzlehttp/guzzle/src/Client.php(187): GuzzleHttp\Client->requestAsync()
#13 /var/www/jexactyl/vendor/guzzlehttp/guzzle/src/ClientTrait.php(95): GuzzleHttp\Client->request()
#14 /var/www/jexactyl/app/Repositories/Wings/DaemonConfigurationRepository.php(41): GuzzleHttp\Client->post()
#15 /var/www/jexactyl/app/Services/Nodes/NodeUpdateService.php(82): Pterodactyl\Repositories\Wings\DaemonConfigurationRepository->update()
#16 /var/www/jexactyl/vendor/laravel/framework/src/Illuminate/Database/Concerns/ManagesTransactions.php(29): Pterodactyl\Services\Nodes\NodeUpdateService->Pterodactyl\Services\Nodes\{closure}()
#17 /var/www/jexactyl/app/Services/Nodes/NodeUpdateService.php(98): Illuminate\Database\Connection->transaction()
#18 /var/www/jexactyl/app/Http/Controllers/Admin/NodesController.php(169): Pterodactyl\Services\Nodes\NodeUpdateService->handle()
#19 /var/www/jexactyl/vendor/laravel/framework/src/Illuminate/Routing/Controller.php(54): Pterodactyl\Http\Controllers\Admin\NodesController->updateSettings()
#20 /var/www/jexactyl/vendor/laravel/framework/src/Illuminate/Routing/ControllerDispatcher.php(45): Illuminate\Routing\Controller->callAction()
#21 /var/www/jexactyl/vendor/laravel/framework/src/Illuminate/Routing/Route.php(262): Illuminate\Routing\ControllerDispatcher->dispatch()
#22 /var/www/jexactyl/vendor/laravel/framework/src/Illuminate/Routing/Route.php(205): Illuminate\Routing\Route->runController()
#23 /var/www/jexactyl/vendor/laravel/framework/src/Illuminate/Routing/Router.php(721): Illuminate\Routing\Route->run()
#24 /var/www/jexactyl/vendor/laravel/framework/src/Illuminate/Pipeline/Pipeline.php(128): Illuminate\Routing\Router->Illuminate\Routing\{closure}()
#25 /var/www/jexactyl/app/Http/Middleware/AdminAuthenticate.php(31): Illuminate\Pipeline\Pipeline->Illuminate\Pipeline\{closure}()
#26 /var/www/jexactyl/vendor/laravel/framework/src/Illuminate/Pipeline/Pipeline.php(167): Pterodactyl\Http\Middleware\AdminAuthenticate->handle()
#27 /var/www/jexactyl/app/Http/Middleware/RequireTwoFactorAuthentication.php(64): Illuminate\Pipeline\Pipeline->Illuminate\Pipeline\{closure}()
#28 /var/www/jexactyl/vendor/laravel/framework/src/Illuminate/Pipeline/Pipeline.php(167): Pterodactyl\Http\Middleware\RequireTwoFactorAuthentication->handle()
#29 /var/www/jexactyl/app/Http/Middleware/LanguageMiddleware.php(33): Illuminate\Pipeline\Pipeline->Illuminate\Pipeline\{closure}()
#30 /var/www/jexactyl/vendor/laravel/framework/src/Illuminate/Pipeline/Pipeline.php(167): Pterodactyl\Http\Middleware\LanguageMiddleware->handle()
#31 /var/www/jexactyl/vendor/laravel/framework/src/Illuminate/Routing/Middleware/SubstituteBindings.php(50): Illuminate\Pipeline\Pipeline->Illuminate\Pipeline\{closure}()
#32 /var/www/jexactyl/vendor/laravel/framework/src/Illuminate/Pipeline/Pipeline.php(167): Illuminate\Routing\Middleware\SubstituteBindings->handle()
#33 /var/www/jexactyl/vendor/laravel/framework/src/Illuminate/Session/Middleware/AuthenticateSession.php(58): Illuminate\Pipeline\Pipeline->Illuminate\Pipeline\{closure}()
#34 /var/www/jexactyl/vendor/laravel/framework/src/Illuminate/Pipeline/Pipeline.php(167): Illuminate\Session\Middleware\AuthenticateSession->handle()
#35 /var/www/jexactyl/vendor/laravel/framework/src/Illuminate/Foundation/Http/Middleware/VerifyCsrfToken.php(78): Illuminate\Pipeline\Pipeline->Illuminate\Pipeline\{closure}()
#36 /var/www/jexactyl/vendor/laravel/framework/src/Illuminate/Pipeline/Pipeline.php(167): Illuminate\Foundation\Http\Middleware\VerifyCsrfToken->handle()
#37 /var/www/jexactyl/vendor/laravel/framework/src/Illuminate/View/Middleware/ShareErrorsFromSession.php(49): Illuminate\Pipeline\Pipeline->Illuminate\Pipeline\{closure}()
#38 /var/www/jexactyl/vendor/laravel/framework/src/Illuminate/Pipeline/Pipeline.php(167): Illuminate\View\Middleware\ShareErrorsFromSession->handle()
#39 /var/www/jexactyl/vendor/laravel/framework/src/Illuminate/Session/Middleware/StartSession.php(121): Illuminate\Pipeline\Pipeline->Illuminate\Pipeline\{closure}()
#40 /var/www/jexactyl/vendor/laravel/framework/src/Illuminate/Session/Middleware/StartSession.php(64): Illuminate\Session\Middleware\StartSession->handleStatefulRequest()
#41 /var/www/jexactyl/vendor/laravel/framework/src/Illuminate/Pipeline/Pipeline.php(167): Illuminate\Session\Middleware\StartSession->handle()
#42 /var/www/jexactyl/vendor/laravel/framework/src/Illuminate/Cookie/Middleware/AddQueuedCookiesToResponse.php(37): Illuminate\Pipeline\Pipeline->Illuminate\Pipeline\{closure}()
#43 /var/www/jexactyl/vendor/laravel/framework/src/Illuminate/Pipeline/Pipeline.php(167): Illuminate\Cookie\Middleware\AddQueuedCookiesToResponse->handle()
#44 /var/www/jexactyl/vendor/laravel/framework/src/Illuminate/Cookie/Middleware/EncryptCookies.php(67): Illuminate\Pipeline\Pipeline->Illuminate\Pipeline\{closure}()
#45 /var/www/jexactyl/vendor/laravel/framework/src/Illuminate/Pipeline/Pipeline.php(167): Illuminate\Cookie\Middleware\EncryptCookies->handle()
#46 /var/www/jexactyl/vendor/laravel/framework/src/Illuminate/Pipeline/Pipeline.php(103): Illuminate\Pipeline\Pipeline->Illuminate\Pipeline\{closure}()
#47 /var/www/jexactyl/vendor/laravel/framework/src/Illuminate/Routing/Router.php(723): Illuminate\Pipeline\Pipeline->then()
#48 /var/www/jexactyl/vendor/laravel/framework/src/Illuminate/Routing/Router.php(698): Illuminate\Routing\Router->runRouteWithinStack()
#49 /var/www/jexactyl/vendor/laravel/framework/src/Illuminate/Routing/Router.php(662): Illuminate\Routing\Router->runRoute()
#50 /var/www/jexactyl/vendor/laravel/framework/src/Illuminate/Routing/Router.php(651): Illuminate\Routing\Router->dispatchToRoute()
#51 /var/www/jexactyl/vendor/laravel/framework/src/Illuminate/Foundation/Http/Kernel.php(167): Illuminate\Routing\Router->dispatch()
#52 /var/www/jexactyl/vendor/laravel/framework/src/Illuminate/Pipeline/Pipeline.php(128): Illuminate\Foundation\Http\Kernel->Illuminate\Foundation\Http\{closure}()
#53 /var/www/jexactyl/vendor/laravel/framework/src/Illuminate/Foundation/Http/Middleware/TransformsRequest.php(21): Illuminate\Pipeline\Pipeline->Illuminate\Pipeline\{closure}()
#54 /var/www/jexactyl/vendor/laravel/framework/src/Illuminate/Foundation/Http/Middleware/ConvertEmptyStringsToNull.php(31): Illuminate\Foundation\Http\Middleware\TransformsRequest->handle()
#55 /var/www/jexactyl/vendor/laravel/framework/src/Illuminate/Pipeline/Pipeline.php(167): Illuminate\Foundation\Http\Middleware\ConvertEmptyStringsToNull->handle()
#56 /var/www/jexactyl/vendor/laravel/framework/src/Illuminate/Foundation/Http/Middleware/TransformsRequest.php(21): Illuminate\Pipeline\Pipeline->Illuminate\Pipeline\{closure}()
#57 /var/www/jexactyl/vendor/laravel/framework/src/Illuminate/Foundation/Http/Middleware/TrimStrings.php(40): Illuminate\Foundation\Http\Middleware\TransformsRequest->handle()
#58 /var/www/jexactyl/vendor/laravel/framework/src/Illuminate/Pipeline/Pipeline.php(167): Illuminate\Foundation\Http\Middleware\TrimStrings->handle()
#59 /var/www/jexactyl/vendor/laravel/framework/src/Illuminate/Foundation/Http/Middleware/ValidatePostSize.php(27): Illuminate\Pipeline\Pipeline->Illuminate\Pipeline\{closure}()
#60 /var/www/jexactyl/vendor/laravel/framework/src/Illuminate/Pipeline/Pipeline.php(167): Illuminate\Foundation\Http\Middleware\ValidatePostSize->handle()
#61 /var/www/jexactyl/vendor/laravel/framework/src/Illuminate/Foundation/Http/Middleware/PreventRequestsDuringMaintenance.php(86): Illuminate\Pipeline\Pipeline->Illuminate\Pipeline\{closure}()
#62 /var/www/jexactyl/vendor/laravel/framework/src/Illuminate/Pipeline/Pipeline.php(167): Illuminate\Foundation\Http\Middleware\PreventRequestsDuringMaintenance->handle()
#63 /var/www/jexactyl/vendor/fruitcake/laravel-cors/src/HandleCors.php(38): Illuminate\Pipeline\Pipeline->Illuminate\Pipeline\{closure}()
#64 /var/www/jexactyl/vendor/laravel/framework/src/Illuminate/Pipeline/Pipeline.php(167): Fruitcake\Cors\HandleCors->handle()
#65 /var/www/jexactyl/vendor/laravel/framework/src/Illuminate/Http/Middleware/TrustProxies.php(39): Illuminate\Pipeline\Pipeline->Illuminate\Pipeline\{closure}()
#66 /var/www/jexactyl/vendor/laravel/framework/src/Illuminate/Pipeline/Pipeline.php(167): Illuminate\Http\Middleware\TrustProxies->handle()
#67 /var/www/jexactyl/vendor/laravel/framework/src/Illuminate/Pipeline/Pipeline.php(103): Illuminate\Pipeline\Pipeline->Illuminate\Pipeline\{closure}()
#68 /var/www/jexactyl/vendor/laravel/framework/src/Illuminate/Foundation/Http/Kernel.php(142): Illuminate\Pipeline\Pipeline->then()
#69 /var/www/jexactyl/vendor/laravel/framework/src/Illuminate/Foundation/Http/Kernel.php(111): Illuminate\Foundation\Http\Kernel->sendRequestThroughRouter()
#70 /var/www/jexactyl/public/index.php(68): Illuminate\Foundation\Http\Kernel->handle()
#71 {main}

Next Pterodactyl\Exceptions\Http\Connection\DaemonConnectionException: Could not establish a connection to the machine running this server. Please try again. in /var/www/jexactyl/app/Repositories/Wings/DaemonConfigurationRepository.php:44
Stack trace:
#0 /var/www/jexactyl/app/Services/Nodes/NodeUpdateService.php(82): Pterodactyl\Repositories\Wings\DaemonConfigurationRepository->update()
#1 /var/www/jexactyl/vendor/laravel/framework/src/Illuminate/Database/Concerns/ManagesTransactions.php(29): Pterodactyl\Services\Nodes\NodeUpdateService->Pterodactyl\Services\Nodes\{closure}()
#2 /var/www/jexactyl/app/Services/Nodes/NodeUpdateService.php(98): Illuminate\Database\Connection->transaction()
#3 /var/www/jexactyl/app/Http/Controllers/Admin/NodesController.php(169): Pterodactyl\Services\Nodes\NodeUpdateService->handle()
#4 /var/www/jexactyl/vendor/laravel/framework/src/Illuminate/Routing/Controller.php(54): Pterodactyl\Http\Controllers\Admin\NodesController->updateSettings()
#5 /var/www/jexactyl/vendor/laravel/framework/src/Illuminate/Routing/ControllerDispatcher.php(45): Illuminate\Routing\Controller->callAction()
#6 /var/www/jexactyl/vendor/laravel/framework/src/Illuminate/Routing/Route.php(262): Illuminate\Routing\ControllerDispatcher->dispatch()
#7 /var/www/jexactyl/vendor/laravel/framework/src/Illuminate/Routing/Route.php(205): Illuminate\Routing\Route->runController()
#8 /var/www/jexactyl/vendor/laravel/framework/src/Illuminate/Routing/Router.php(721): Illuminate\Routing\Route->run()
#9 /var/www/jexactyl/vendor/laravel/framework/src/Illuminate/Pipeline/Pipeline.php(128): Illuminate\Routing\Router->Illuminate\Routing\{closure}()
#10 /var/www/jexactyl/app/Http/Middleware/AdminAuthenticate.php(31): Illuminate\Pipeline\Pipeline->Illuminate\Pipeline\{closure}()
#11 /var/www/jexactyl/vendor/laravel/framework/src/Illuminate/Pipeline/Pipeline.php(167): Pterodactyl\Http\Middleware\AdminAuthenticate->handle()
#12 /var/www/jexactyl/app/Http/Middleware/RequireTwoFactorAuthentication.php(64): Illuminate\Pipeline\Pipeline->Illuminate\Pipeline\{closure}()
#13 /var/www/jexactyl/vendor/laravel/framework/src/Illuminate/Pipeline/Pipeline.php(167): Pterodactyl\Http\Middleware\RequireTwoFactorAuthentication->handle()
#14 /var/www/jexactyl/app/Http/Middleware/LanguageMiddleware.php(33): Illuminate\Pipeline\Pipeline->Illuminate\Pipeline\{closure}()
#15 /var/www/jexactyl/vendor/laravel/framework/src/Illuminate/Pipeline/Pipeline.php(167): Pterodactyl\Http\Middleware\LanguageMiddleware->handle()
#16 /var/www/jexactyl/vendor/laravel/framework/src/Illuminate/Routing/Middleware/SubstituteBindings.php(50): Illuminate\Pipeline\Pipeline->Illuminate\Pipeline\{closure}()
#17 /var/www/jexactyl/vendor/laravel/framework/src/Illuminate/Pipeline/Pipeline.php(167): Illuminate\Routing\Middleware\SubstituteBindings->handle()
#18 /var/www/jexactyl/vendor/laravel/framework/src/Illuminate/Session/Middleware/AuthenticateSession.php(58): Illuminate\Pipeline\Pipeline->Illuminate\Pipeline\{closure}()
#19 /var/www/jexactyl/vendor/laravel/framework/src/Illuminate/Pipeline/Pipeline.php(167): Illuminate\Session\Middleware\AuthenticateSession->handle()
#20 /var/www/jexactyl/vendor/laravel/framework/src/Illuminate/Foundation/Http/Middleware/VerifyCsrfToken.php(78): Illuminate\Pipeline\Pipeline->Illuminate\Pipeline\{closure}()
#21 /var/www/jexactyl/vendor/laravel/framework/src/Illuminate/Pipeline/Pipeline.php(167): Illuminate\Foundation\Http\Middleware\VerifyCsrfToken->handle()
#22 /var/www/jexactyl/vendor/laravel/framework/src/Illuminate/View/Middleware/ShareErrorsFromSession.php(49): Illuminate\Pipeline\Pipeline->Illuminate\Pipeline\{closure}()
#23 /var/www/jexactyl/vendor/laravel/framework/src/Illuminate/Pipeline/Pipeline.php(167): Illuminate\View\Middleware\ShareErrorsFromSession->handle()
#24 /var/www/jexactyl/vendor/laravel/framework/src/Illuminate/Session/Middleware/StartSession.php(121): Illuminate\Pipeline\Pipeline->Illuminate\Pipeline\{closure}()
#25 /var/www/jexactyl/vendor/laravel/framework/src/Illuminate/Session/Middleware/StartSession.php(64): Illuminate\Session\Middleware\StartSession->handleStatefulRequest()
#26 /var/www/jexactyl/vendor/laravel/framework/src/Illuminate/Pipeline/Pipeline.php(167): Illuminate\Session\Middleware\StartSession->handle()
#27 /var/www/jexactyl/vendor/laravel/framework/src/Illuminate/Cookie/Middleware/AddQueuedCookiesToResponse.php(37): Illuminate\Pipeline\Pipeline->Illuminate\Pipeline\{closure}()
#28 /var/www/jexactyl/vendor/laravel/framework/src/Illuminate/Pipeline/Pipeline.php(167): Illuminate\Cookie\Middleware\AddQueuedCookiesToResponse->handle()
#29 /var/www/jexactyl/vendor/laravel/framework/src/Illuminate/Cookie/Middleware/EncryptCookies.php(67): Illuminate\Pipeline\Pipeline->Illuminate\Pipeline\{closure}()
#30 /var/www/jexactyl/vendor/laravel/framework/src/Illuminate/Pipeline/Pipeline.php(167): Illuminate\Cookie\Middleware\EncryptCookies->handle()
#31 /var/www/jexactyl/vendor/laravel/framework/src/Illuminate/Pipeline/Pipeline.php(103): Illuminate\Pipeline\Pipeline->Illuminate\Pipeline\{closure}()
#32 /var/www/jexactyl/vendor/laravel/framework/src/Illuminate/Routing/Router.php(723): Illuminate\Pipeline\Pipeline->then()
#33 /var/www/jexactyl/vendor/laravel/framework/src/Illuminate/Routing/Router.php(698): Illuminate\Routing\Router->runRouteWithinStack()
#34 /var/www/jexactyl/vendor/laravel/framework/src/Illuminate/Routing/Router.php(662): Illuminate\Routing\Router->runRoute()
#35 /var/www/jexactyl/vendor/laravel/framework/src/Illuminate/Routing/Router.php(651): Illuminate\Routing\Router->dispatchToRoute()
#36 /var/www/jexactyl/vendor/laravel/framework/src/Illuminate/Foundation/Http/Kernel.php(167): Illuminate\Routing\Router->dispatch()
#37 /var/www/jexactyl/vendor/laravel/framework/src/Illuminate/Pipeline/Pipeline.php(128): Illuminate\Foundation\Http\Kernel->Illuminate\Foundation\Http\{closure}()
#38 /var/www/jexactyl/vendor/laravel/framework/src/Illuminate/Foundation/Http/Middleware/TransformsRequest.php(21): Illuminate\Pipeline\Pipeline->Illuminate\Pipeline\{closure}()
#39 /var/www/jexactyl/vendor/laravel/framework/src/Illuminate/Foundation/Http/Middleware/ConvertEmptyStringsToNull.php(31): Illuminate\Foundation\Http\Middleware\TransformsRequest->handle()
#40 /var/www/jexactyl/vendor/laravel/framework/src/Illuminate/Pipeline/Pipeline.php(167): Illuminate\Foundation\Http\Middleware\ConvertEmptyStringsToNull->handle()
#41 /var/www/jexactyl/vendor/laravel/framework/src/Illuminate/Foundation/Http/Middleware/TransformsRequest.php(21): Illuminate\Pipeline\Pipeline->Illuminate\Pipeline\{closure}()
#42 /var/www/jexactyl/vendor/laravel/framework/src/Illuminate/Foundation/Http/Middleware/TrimStrings.php(40): Illuminate\Foundation\Http\Middleware\TransformsRequest->handle()
#43 /var/www/jexactyl/vendor/laravel/framework/src/Illuminate/Pipeline/Pipeline.php(167): Illuminate\Foundation\Http\Middleware\TrimStrings->handle()
#44 /var/www/jexactyl/vendor/laravel/framework/src/Illuminate/Foundation/Http/Middleware/ValidatePostSize.php(27): Illuminate\Pipeline\Pipeline->Illuminate\Pipeline\{closure}()
#45 /var/www/jexactyl/vendor/laravel/framework/src/Illuminate/Pipeline/Pipeline.php(167): Illuminate\Foundation\Http\Middleware\ValidatePostSize->handle()
#46 /var/www/jexactyl/vendor/laravel/framework/src/Illuminate/Foundation/Http/Middleware/PreventRequestsDuringMaintenance.php(86): Illuminate\Pipeline\Pipeline->Illuminate\Pipeline\{closure}()
#47 /var/www/jexactyl/vendor/laravel/framework/src/Illuminate/Pipeline/Pipeline.php(167): Illuminate\Foundation\Http\Middleware\PreventRequestsDuringMaintenance->handle()
#48 /var/www/jexactyl/vendor/fruitcake/laravel-cors/src/HandleCors.php(38): Illuminate\Pipeline\Pipeline->Illuminate\Pipeline\{closure}()
#49 /var/www/jexactyl/vendor/laravel/framework/src/Illuminate/Pipeline/Pipeline.php(167): Fruitcake\Cors\HandleCors->handle()
#50 /var/www/jexactyl/vendor/laravel/framework/src/Illuminate/Http/Middleware/TrustProxies.php(39): Illuminate\Pipeline\Pipeline->Illuminate\Pipeline\{closure}()
#51 /var/www/jexactyl/vendor/laravel/framework/src/Illuminate/Pipeline/Pipeline.php(167): Illuminate\Http\Middleware\TrustProxies->handle()
#52 /var/www/jexactyl/vendor/laravel/framework/src/Illuminate/Pipeline/Pipeline.php(103): Illuminate\Pipeline\Pipeline->Illuminate\Pipeline\{closure}()
#53 /var/www/jexactyl/vendor/laravel/framework/src/Illuminate/Foundation/Http/Kernel.php(142): Illuminate\Pipeline\Pipeline->then()
#54 /var/www/jexactyl/vendor/laravel/framework/src/Illuminate/Foundation/Http/Kernel.php(111): Illuminate\Foundation\Http\Kernel->sendRequestThroughRouter()
#55 /var/www/jexactyl/public/index.php(68): Illuminate\Foundation\Http\Kernel->handle()
#56 {main} {"node_id":2} 
[2022-08-23 20:11:44] production.ERROR: Class "Pterodactyl\Http\Controllers\Api\Client\Servers\DisplayException" not found {"userId":6,"exception":"[object] (Error(code: 0): Class \"Pterodactyl\\Http\\Controllers\\Api\\Client\\Servers\\DisplayException\" not found at /var/www/jexactyl/app/Http/Controllers/Api/Client/Servers/ServerController.php:81)
[stacktrace]
#0 /var/www/jexactyl/vendor/laravel/framework/src/Illuminate/Routing/Controller.php(54): Pterodactyl\\Http\\Controllers\\Api\\Client\\Servers\\ServerController->delete()
#1 /var/www/jexactyl/vendor/laravel/framework/src/Illuminate/Routing/ControllerDispatcher.php(45): Illuminate\\Routing\\Controller->callAction()
#2 /var/www/jexactyl/vendor/laravel/framework/src/Illuminate/Routing/Route.php(262): Illuminate\\Routing\\ControllerDispatcher->dispatch()
#3 /var/www/jexactyl/vendor/laravel/framework/src/Illuminate/Routing/Route.php(205): Illuminate\\Routing\\Route->runController()
#4 /var/www/jexactyl/vendor/laravel/framework/src/Illuminate/Routing/Router.php(721): Illuminate\\Routing\\Route->run()
#5 /var/www/jexactyl/vendor/laravel/framework/src/Illuminate/Pipeline/Pipeline.php(128): Illuminate\\Routing\\Router->Illuminate\\Routing\\{closure}()
#6 /var/www/jexactyl/app/Http/Middleware/Api/Client/Server/ResourceBelongsToServer.php(88): Illuminate\\Pipeline\\Pipeline->Illuminate\\Pipeline\\{closure}()
#7 /var/www/jexactyl/vendor/laravel/framework/src/Illuminate/Pipeline/Pipeline.php(167): Pterodactyl\\Http\\Middleware\\Api\\Client\\Server\\ResourceBelongsToServer->handle()
#8 /var/www/jexactyl/app/Http/Middleware/Api/Client/Server/AuthenticateServerAccess.php(80): Illuminate\\Pipeline\\Pipeline->Illuminate\\Pipeline\\{closure}()
#9 /var/www/jexactyl/vendor/laravel/framework/src/Illuminate/Pipeline/Pipeline.php(167): Pterodactyl\\Http\\Middleware\\Api\\Client\\Server\\AuthenticateServerAccess->handle()
#10 /var/www/jexactyl/app/Http/Middleware/Activity/ServerSubject.php(28): Illuminate\\Pipeline\\Pipeline->Illuminate\\Pipeline\\{closure}()
#11 /var/www/jexactyl/vendor/laravel/framework/src/Illuminate/Pipeline/Pipeline.php(167): Pterodactyl\\Http\\Middleware\\Activity\\ServerSubject->handle()
#12 /var/www/jexactyl/vendor/laravel/framework/src/Illuminate/Routing/Middleware/ThrottleRequests.php(127): Illuminate\\Pipeline\\Pipeline->Illuminate\\Pipeline\\{closure}()
#13 /var/www/jexactyl/vendor/laravel/framework/src/Illuminate/Routing/Middleware/ThrottleRequests.php(103): Illuminate\\Routing\\Middleware\\ThrottleRequests->handleRequest()
#14 /var/www/jexactyl/vendor/laravel/framework/src/Illuminate/Routing/Middleware/ThrottleRequests.php(55): Illuminate\\Routing\\Middleware\\ThrottleRequests->handleRequestUsingNamedLimiter()
#15 /var/www/jexactyl/vendor/laravel/framework/src/Illuminate/Pipeline/Pipeline.php(167): Illuminate\\Routing\\Middleware\\ThrottleRequests->handle()
#16 /var/www/jexactyl/app/Http/Middleware/Api/Client/RequireClientApiKey.php(25): Illuminate\\Pipeline\\Pipeline->Illuminate\\Pipeline\\{closure}()
#17 /var/www/jexactyl/vendor/laravel/framework/src/Illuminate/Pipeline/Pipeline.php(167): Pterodactyl\\Http\\Middleware\\Api\\Client\\RequireClientApiKey->handle()
#18 /var/www/jexactyl/vendor/laravel/framework/src/Illuminate/Routing/Middleware/SubstituteBindings.php(50): Illuminate\\Pipeline\\Pipeline->Illuminate\\Pipeline\\{closure}()
#19 /var/www/jexactyl/app/Http/Middleware/Api/Client/SubstituteClientBindings.php(34): Illuminate\\Routing\\Middleware\\SubstituteBindings->handle()
#20 /var/www/jexactyl/vendor/laravel/framework/src/Illuminate/Pipeline/Pipeline.php(167): Pterodactyl\\Http\\Middleware\\Api\\Client\\SubstituteClientBindings->handle()
#21 /var/www/jexactyl/app/Http/Middleware/Api/AuthenticateIPAccess.php(33): Illuminate\\Pipeline\\Pipeline->Illuminate\\Pipeline\\{closure}()
#22 /var/www/jexactyl/vendor/laravel/framework/src/Illuminate/Pipeline/Pipeline.php(167): Pterodactyl\\Http\\Middleware\\Api\\AuthenticateIPAccess->handle()
#23 /var/www/jexactyl/app/Http/Middleware/RequireTwoFactorAuthentication.php(64): Illuminate\\Pipeline\\Pipeline->Illuminate\\Pipeline\\{closure}()
#24 /var/www/jexactyl/vendor/laravel/framework/src/Illuminate/Pipeline/Pipeline.php(167): Pterodactyl\\Http\\Middleware\\RequireTwoFactorAuthentication->handle()
#25 /var/www/jexactyl/app/Http/Middleware/Activity/TrackAPIKey.php(28): Illuminate\\Pipeline\\Pipeline->Illuminate\\Pipeline\\{closure}()
#26 /var/www/jexactyl/vendor/laravel/framework/src/Illuminate/Pipeline/Pipeline.php(167): Pterodactyl\\Http\\Middleware\\Activity\\TrackAPIKey->handle()
#27 /var/www/jexactyl/app/Http/Middleware/Api/IsValidJson.php(29): Illuminate\\Pipeline\\Pipeline->Illuminate\\Pipeline\\{closure}()
#28 /var/www/jexactyl/vendor/laravel/framework/src/Illuminate/Pipeline/Pipeline.php(167): Pterodactyl\\Http\\Middleware\\Api\\IsValidJson->handle()
#29 /var/www/jexactyl/vendor/laravel/framework/src/Illuminate/Auth/Middleware/Authenticate.php(44): Illuminate\\Pipeline\\Pipeline->Illuminate\\Pipeline\\{closure}()
#30 /var/www/jexactyl/vendor/laravel/framework/src/Illuminate/Pipeline/Pipeline.php(167): Illuminate\\Auth\\Middleware\\Authenticate->handle()
#31 /var/www/jexactyl/vendor/laravel/sanctum/src/Http/Middleware/EnsureFrontendRequestsAreStateful.php(33): Illuminate\\Pipeline\\Pipeline->Illuminate\\Pipeline\\{closure}()
#32 /var/www/jexactyl/vendor/laravel/framework/src/Illuminate/Pipeline/Pipeline.php(128): Laravel\\Sanctum\\Http\\Middleware\\EnsureFrontendRequestsAreStateful->Laravel\\Sanctum\\Http\\Middleware\\{closure}()
#33 /var/www/jexactyl/vendor/laravel/framework/src/Illuminate/Foundation/Http/Middleware/VerifyCsrfToken.php(78): Illuminate\\Pipeline\\Pipeline->Illuminate\\Pipeline\\{closure}()
#34 /var/www/jexactyl/vendor/laravel/framework/src/Illuminate/Pipeline/Pipeline.php(167): Illuminate\\Foundation\\Http\\Middleware\\VerifyCsrfToken->handle()
#35 /var/www/jexactyl/vendor/laravel/framework/src/Illuminate/Session/Middleware/StartSession.php(121): Illuminate\\Pipeline\\Pipeline->Illuminate\\Pipeline\\{closure}()
#36 /var/www/jexactyl/vendor/laravel/framework/src/Illuminate/Session/Middleware/StartSession.php(64): Illuminate\\Session\\Middleware\\StartSession->handleStatefulRequest()
#37 /var/www/jexactyl/vendor/laravel/framework/src/Illuminate/Pipeline/Pipeline.php(167): Illuminate\\Session\\Middleware\\StartSession->handle()
#38 /var/www/jexactyl/vendor/laravel/framework/src/Illuminate/Cookie/Middleware/AddQueuedCookiesToResponse.php(37): Illuminate\\Pipeline\\Pipeline->Illuminate\\Pipeline\\{closure}()
#39 /var/www/jexactyl/vendor/laravel/framework/src/Illuminate/Pipeline/Pipeline.php(167): Illuminate\\Cookie\\Middleware\\AddQueuedCookiesToResponse->handle()
#40 /var/www/jexactyl/vendor/laravel/framework/src/Illuminate/Cookie/Middleware/EncryptCookies.php(67): Illuminate\\Pipeline\\Pipeline->Illuminate\\Pipeline\\{closure}()
#41 /var/www/jexactyl/vendor/laravel/framework/src/Illuminate/Pipeline/Pipeline.php(167): Illuminate\\Cookie\\Middleware\\EncryptCookies->handle()
#42 /var/www/jexactyl/vendor/laravel/sanctum/src/Http/Middleware/EnsureFrontendRequestsAreStateful.php(26): Illuminate\\Pipeline\\Pipeline->Illuminate\\Pipeline\\{closure}()
#43 /var/www/jexactyl/vendor/laravel/framework/src/Illuminate/Pipeline/Pipeline.php(149): Laravel\\Sanctum\\Http\\Middleware\\EnsureFrontendRequestsAreStateful->Laravel\\Sanctum\\Http\\Middleware\\{closure}()
#44 /var/www/jexactyl/vendor/laravel/framework/src/Illuminate/Pipeline/Pipeline.php(103): Illuminate\\Pipeline\\Pipeline->Illuminate\\Pipeline\\{closure}()
#45 /var/www/jexactyl/vendor/laravel/sanctum/src/Http/Middleware/EnsureFrontendRequestsAreStateful.php(34): Illuminate\\Pipeline\\Pipeline->then()
#46 /var/www/jexactyl/vendor/laravel/framework/src/Illuminate/Pipeline/Pipeline.php(167): Laravel\\Sanctum\\Http\\Middleware\\EnsureFrontendRequestsAreStateful->handle()
#47 /var/www/jexactyl/vendor/laravel/framework/src/Illuminate/Pipeline/Pipeline.php(103): Illuminate\\Pipeline\\Pipeline->Illuminate\\Pipeline\\{closure}()
#48 /var/www/jexactyl/vendor/laravel/framework/src/Illuminate/Routing/Router.php(723): Illuminate\\Pipeline\\Pipeline->then()
#49 /var/www/jexactyl/vendor/laravel/framework/src/Illuminate/Routing/Router.php(698): Illuminate\\Routing\\Router->runRouteWithinStack()
#50 /var/www/jexactyl/vendor/laravel/framework/src/Illuminate/Routing/Router.php(662): Illuminate\\Routing\\Router->runRoute()
#51 /var/www/jexactyl/vendor/laravel/framework/src/Illuminate/Routing/Router.php(651): Illuminate\\Routing\\Router->dispatchToRoute()
#52 /var/www/jexactyl/vendor/laravel/framework/src/Illuminate/Foundation/Http/Kernel.php(167): Illuminate\\Routing\\Router->dispatch()
#53 /var/www/jexactyl/vendor/laravel/framework/src/Illuminate/Pipeline/Pipeline.php(128): Illuminate\\Foundation\\Http\\Kernel->Illuminate\\Foundation\\Http\\{closure}()
#54 /var/www/jexactyl/vendor/laravel/framework/src/Illuminate/Foundation/Http/Middleware/TransformsRequest.php(21): Illuminate\\Pipeline\\Pipeline->Illuminate\\Pipeline\\{closure}()
#55 /var/www/jexactyl/vendor/laravel/framework/src/Illuminate/Foundation/Http/Middleware/ConvertEmptyStringsToNull.php(31): Illuminate\\Foundation\\Http\\Middleware\\TransformsRequest->handle()
#56 /var/www/jexactyl/vendor/laravel/framework/src/Illuminate/Pipeline/Pipeline.php(167): Illuminate\\Foundation\\Http\\Middleware\\ConvertEmptyStringsToNull->handle()
#57 /var/www/jexactyl/vendor/laravel/framework/src/Illuminate/Foundation/Http/Middleware/TransformsRequest.php(21): Illuminate\\Pipeline\\Pipeline->Illuminate\\Pipeline\\{closure}()
#58 /var/www/jexactyl/vendor/laravel/framework/src/Illuminate/Foundation/Http/Middleware/TrimStrings.php(40): Illuminate\\Foundation\\Http\\Middleware\\TransformsRequest->handle()
#59 /var/www/jexactyl/vendor/laravel/framework/src/Illuminate/Pipeline/Pipeline.php(167): Illuminate\\Foundation\\Http\\Middleware\\TrimStrings->handle()
#60 /var/www/jexactyl/vendor/laravel/framework/src/Illuminate/Foundation/Http/Middleware/ValidatePostSize.php(27): Illuminate\\Pipeline\\Pipeline->Illuminate\\Pipeline\\{closure}()
#61 /var/www/jexactyl/vendor/laravel/framework/src/Illuminate/Pipeline/Pipeline.php(167): Illuminate\\Foundation\\Http\\Middleware\\ValidatePostSize->handle()
#62 /var/www/jexactyl/vendor/laravel/framework/src/Illuminate/Foundation/Http/Middleware/PreventRequestsDuringMaintenance.php(86): Illuminate\\Pipeline\\Pipeline->Illuminate\\Pipeline\\{closure}()
#63 /var/www/jexactyl/vendor/laravel/framework/src/Illuminate/Pipeline/Pipeline.php(167): Illuminate\\Foundation\\Http\\Middleware\\PreventRequestsDuringMaintenance->handle()
#64 /var/www/jexactyl/vendor/fruitcake/laravel-cors/src/HandleCors.php(52): Illuminate\\Pipeline\\Pipeline->Illuminate\\Pipeline\\{closure}()
#65 /var/www/jexactyl/vendor/laravel/framework/src/Illuminate/Pipeline/Pipeline.php(167): Fruitcake\\Cors\\HandleCors->handle()
#66 /var/www/jexactyl/vendor/laravel/framework/src/Illuminate/Http/Middleware/TrustProxies.php(39): Illuminate\\Pipeline\\Pipeline->Illuminate\\Pipeline\\{closure}()
#67 /var/www/jexactyl/vendor/laravel/framework/src/Illuminate/Pipeline/Pipeline.php(167): Illuminate\\Http\\Middleware\\TrustProxies->handle()
#68 /var/www/jexactyl/vendor/laravel/framework/src/Illuminate/Pipeline/Pipeline.php(103): Illuminate\\Pipeline\\Pipeline->Illuminate\\Pipeline\\{closure}()
#69 /var/www/jexactyl/vendor/laravel/framework/src/Illuminate/Foundation/Http/Kernel.php(142): Illuminate\\Pipeline\\Pipeline->then()
#70 /var/www/jexactyl/vendor/laravel/framework/src/Illuminate/Foundation/Http/Kernel.php(111): Illuminate\\Foundation\\Http\\Kernel->sendRequestThroughRouter()
#71 /var/www/jexactyl/public/index.php(68): Illuminate\\Foundation\\Http\\Kernel->handle()
#72 {main}
"} 
[2022-08-23 20:11:45] production.ERROR: Class "Pterodactyl\Http\Controllers\Api\Client\Servers\DisplayException" not found {"userId":6,"exception":"[object] (Error(code: 0): Class \"Pterodactyl\\Http\\Controllers\\Api\\Client\\Servers\\DisplayException\" not found at /var/www/jexactyl/app/Http/Controllers/Api/Client/Servers/ServerController.php:81)
[stacktrace]
#0 /var/www/jexactyl/vendor/laravel/framework/src/Illuminate/Routing/Controller.php(54): Pterodactyl\\Http\\Controllers\\Api\\Client\\Servers\\ServerController->delete()
#1 /var/www/jexactyl/vendor/laravel/framework/src/Illuminate/Routing/ControllerDispatcher.php(45): Illuminate\\Routing\\Controller->callAction()
#2 /var/www/jexactyl/vendor/laravel/framework/src/Illuminate/Routing/Route.php(262): Illuminate\\Routing\\ControllerDispatcher->dispatch()
#3 /var/www/jexactyl/vendor/laravel/framework/src/Illuminate/Routing/Route.php(205): Illuminate\\Routing\\Route->runController()
#4 /var/www/jexactyl/vendor/laravel/framework/src/Illuminate/Routing/Router.php(721): Illuminate\\Routing\\Route->run()
#5 /var/www/jexactyl/vendor/laravel/framework/src/Illuminate/Pipeline/Pipeline.php(128): Illuminate\\Routing\\Router->Illuminate\\Routing\\{closure}()
#6 /var/www/jexactyl/app/Http/Middleware/Api/Client/Server/ResourceBelongsToServer.php(88): Illuminate\\Pipeline\\Pipeline->Illuminate\\Pipeline\\{closure}()
#7 /var/www/jexactyl/vendor/laravel/framework/src/Illuminate/Pipeline/Pipeline.php(167): Pterodactyl\\Http\\Middleware\\Api\\Client\\Server\\ResourceBelongsToServer->handle()
#8 /var/www/jexactyl/app/Http/Middleware/Api/Client/Server/AuthenticateServerAccess.php(80): Illuminate\\Pipeline\\Pipeline->Illuminate\\Pipeline\\{closure}()
#9 /var/www/jexactyl/vendor/laravel/framework/src/Illuminate/Pipeline/Pipeline.php(167): Pterodactyl\\Http\\Middleware\\Api\\Client\\Server\\AuthenticateServerAccess->handle()
#10 /var/www/jexactyl/app/Http/Middleware/Activity/ServerSubject.php(28): Illuminate\\Pipeline\\Pipeline->Illuminate\\Pipeline\\{closure}()
#11 /var/www/jexactyl/vendor/laravel/framework/src/Illuminate/Pipeline/Pipeline.php(167): Pterodactyl\\Http\\Middleware\\Activity\\ServerSubject->handle()
#12 /var/www/jexactyl/vendor/laravel/framework/src/Illuminate/Routing/Middleware/ThrottleRequests.php(127): Illuminate\\Pipeline\\Pipeline->Illuminate\\Pipeline\\{closure}()
#13 /var/www/jexactyl/vendor/laravel/framework/src/Illuminate/Routing/Middleware/ThrottleRequests.php(103): Illuminate\\Routing\\Middleware\\ThrottleRequests->handleRequest()
#14 /var/www/jexactyl/vendor/laravel/framework/src/Illuminate/Routing/Middleware/ThrottleRequests.php(55): Illuminate\\Routing\\Middleware\\ThrottleRequests->handleRequestUsingNamedLimiter()
#15 /var/www/jexactyl/vendor/laravel/framework/src/Illuminate/Pipeline/Pipeline.php(167): Illuminate\\Routing\\Middleware\\ThrottleRequests->handle()
#16 /var/www/jexactyl/app/Http/Middleware/Api/Client/RequireClientApiKey.php(25): Illuminate\\Pipeline\\Pipeline->Illuminate\\Pipeline\\{closure}()
#17 /var/www/jexactyl/vendor/laravel/framework/src/Illuminate/Pipeline/Pipeline.php(167): Pterodactyl\\Http\\Middleware\\Api\\Client\\RequireClientApiKey->handle()
#18 /var/www/jexactyl/vendor/laravel/framework/src/Illuminate/Routing/Middleware/SubstituteBindings.php(50): Illuminate\\Pipeline\\Pipeline->Illuminate\\Pipeline\\{closure}()
#19 /var/www/jexactyl/app/Http/Middleware/Api/Client/SubstituteClientBindings.php(34): Illuminate\\Routing\\Middleware\\SubstituteBindings->handle()
#20 /var/www/jexactyl/vendor/laravel/framework/src/Illuminate/Pipeline/Pipeline.php(167): Pterodactyl\\Http\\Middleware\\Api\\Client\\SubstituteClientBindings->handle()
#21 /var/www/jexactyl/app/Http/Middleware/Api/AuthenticateIPAccess.php(33): Illuminate\\Pipeline\\Pipeline->Illuminate\\Pipeline\\{closure}()
#22 /var/www/jexactyl/vendor/laravel/framework/src/Illuminate/Pipeline/Pipeline.php(167): Pterodactyl\\Http\\Middleware\\Api\\AuthenticateIPAccess->handle()
#23 /var/www/jexactyl/app/Http/Middleware/RequireTwoFactorAuthentication.php(64): Illuminate\\Pipeline\\Pipeline->Illuminate\\Pipeline\\{closure}()
#24 /var/www/jexactyl/vendor/laravel/framework/src/Illuminate/Pipeline/Pipeline.php(167): Pterodactyl\\Http\\Middleware\\RequireTwoFactorAuthentication->handle()
#25 /var/www/jexactyl/app/Http/Middleware/Activity/TrackAPIKey.php(28): Illuminate\\Pipeline\\Pipeline->Illuminate\\Pipeline\\{closure}()
#26 /var/www/jexactyl/vendor/laravel/framework/src/Illuminate/Pipeline/Pipeline.php(167): Pterodactyl\\Http\\Middleware\\Activity\\TrackAPIKey->handle()
#27 /var/www/jexactyl/app/Http/Middleware/Api/IsValidJson.php(29): Illuminate\\Pipeline\\Pipeline->Illuminate\\Pipeline\\{closure}()
#28 /var/www/jexactyl/vendor/laravel/framework/src/Illuminate/Pipeline/Pipeline.php(167): Pterodactyl\\Http\\Middleware\\Api\\IsValidJson->handle()
#29 /var/www/jexactyl/vendor/laravel/framework/src/Illuminate/Auth/Middleware/Authenticate.php(44): Illuminate\\Pipeline\\Pipeline->Illuminate\\Pipeline\\{closure}()
#30 /var/www/jexactyl/vendor/laravel/framework/src/Illuminate/Pipeline/Pipeline.php(167): Illuminate\\Auth\\Middleware\\Authenticate->handle()
#31 /var/www/jexactyl/vendor/laravel/sanctum/src/Http/Middleware/EnsureFrontendRequestsAreStateful.php(33): Illuminate\\Pipeline\\Pipeline->Illuminate\\Pipeline\\{closure}()
#32 /var/www/jexactyl/vendor/laravel/framework/src/Illuminate/Pipeline/Pipeline.php(128): Laravel\\Sanctum\\Http\\Middleware\\EnsureFrontendRequestsAreStateful->Laravel\\Sanctum\\Http\\Middleware\\{closure}()
#33 /var/www/jexactyl/vendor/laravel/framework/src/Illuminate/Foundation/Http/Middleware/VerifyCsrfToken.php(78): Illuminate\\Pipeline\\Pipeline->Illuminate\\Pipeline\\{closure}()
#34 /var/www/jexactyl/vendor/laravel/framework/src/Illuminate/Pipeline/Pipeline.php(167): Illuminate\\Foundation\\Http\\Middleware\\VerifyCsrfToken->handle()
#35 /var/www/jexactyl/vendor/laravel/framework/src/Illuminate/Session/Middleware/StartSession.php(121): Illuminate\\Pipeline\\Pipeline->Illuminate\\Pipeline\\{closure}()
#36 /var/www/jexactyl/vendor/laravel/framework/src/Illuminate/Session/Middleware/StartSession.php(64): Illuminate\\Session\\Middleware\\StartSession->handleStatefulRequest()
#37 /var/www/jexactyl/vendor/laravel/framework/src/Illuminate/Pipeline/Pipeline.php(167): Illuminate\\Session\\Middleware\\StartSession->handle()
#38 /var/www/jexactyl/vendor/laravel/framework/src/Illuminate/Cookie/Middleware/AddQueuedCookiesToResponse.php(37): Illuminate\\Pipeline\\Pipeline->Illuminate\\Pipeline\\{closure}()
#39 /var/www/jexactyl/vendor/laravel/framework/src/Illuminate/Pipeline/Pipeline.php(167): Illuminate\\Cookie\\Middleware\\AddQueuedCookiesToResponse->handle()
#40 /var/www/jexactyl/vendor/laravel/framework/src/Illuminate/Cookie/Middleware/EncryptCookies.php(67): Illuminate\\Pipeline\\Pipeline->Illuminate\\Pipeline\\{closure}()
#41 /var/www/jexactyl/vendor/laravel/framework/src/Illuminate/Pipeline/Pipeline.php(167): Illuminate\\Cookie\\Middleware\\EncryptCookies->handle()
#42 /var/www/jexactyl/vendor/laravel/sanctum/src/Http/Middleware/EnsureFrontendRequestsAreStateful.php(26): Illuminate\\Pipeline\\Pipeline->Illuminate\\Pipeline\\{closure}()
#43 /var/www/jexactyl/vendor/laravel/framework/src/Illuminate/Pipeline/Pipeline.php(149): Laravel\\Sanctum\\Http\\Middleware\\EnsureFrontendRequestsAreStateful->Laravel\\Sanctum\\Http\\Middleware\\{closure}()
#44 /var/www/jexactyl/vendor/laravel/framework/src/Illuminate/Pipeline/Pipeline.php(103): Illuminate\\Pipeline\\Pipeline->Illuminate\\Pipeline\\{closure}()
#45 /var/www/jexactyl/vendor/laravel/sanctum/src/Http/Middleware/EnsureFrontendRequestsAreStateful.php(34): Illuminate\\Pipeline\\Pipeline->then()
#46 /var/www/jexactyl/vendor/laravel/framework/src/Illuminate/Pipeline/Pipeline.php(167): Laravel\\Sanctum\\Http\\Middleware\\EnsureFrontendRequestsAreStateful->handle()
#47 /var/www/jexactyl/vendor/laravel/framework/src/Illuminate/Pipeline/Pipeline.php(103): Illuminate\\Pipeline\\Pipeline->Illuminate\\Pipeline\\{closure}()
#48 /var/www/jexactyl/vendor/laravel/framework/src/Illuminate/Routing/Router.php(723): Illuminate\\Pipeline\\Pipeline->then()
#49 /var/www/jexactyl/vendor/laravel/framework/src/Illuminate/Routing/Router.php(698): Illuminate\\Routing\\Router->runRouteWithinStack()
#50 /var/www/jexactyl/vendor/laravel/framework/src/Illuminate/Routing/Router.php(662): Illuminate\\Routing\\Router->runRoute()
#51 /var/www/jexactyl/vendor/laravel/framework/src/Illuminate/Routing/Router.php(651): Illuminate\\Routing\\Router->dispatchToRoute()
#52 /var/www/jexactyl/vendor/laravel/framework/src/Illuminate/Foundation/Http/Kernel.php(167): Illuminate\\Routing\\Router->dispatch()
#53 /var/www/jexactyl/vendor/laravel/framework/src/Illuminate/Pipeline/Pipeline.php(128): Illuminate\\Foundation\\Http\\Kernel->Illuminate\\Foundation\\Http\\{closure}()
#54 /var/www/jexactyl/vendor/laravel/framework/src/Illuminate/Foundation/Http/Middleware/TransformsRequest.php(21): Illuminate\\Pipeline\\Pipeline->Illuminate\\Pipeline\\{closure}()
#55 /var/www/jexactyl/vendor/laravel/framework/src/Illuminate/Foundation/Http/Middleware/ConvertEmptyStringsToNull.php(31): Illuminate\\Foundation\\Http\\Middleware\\TransformsRequest->handle()
#56 /var/www/jexactyl/vendor/laravel/framework/src/Illuminate/Pipeline/Pipeline.php(167): Illuminate\\Foundation\\Http\\Middleware\\ConvertEmptyStringsToNull->handle()
#57 /var/www/jexactyl/vendor/laravel/framework/src/Illuminate/Foundation/Http/Middleware/TransformsRequest.php(21): Illuminate\\Pipeline\\Pipeline->Illuminate\\Pipeline\\{closure}()
#58 /var/www/jexactyl/vendor/laravel/framework/src/Illuminate/Foundation/Http/Middleware/TrimStrings.php(40): Illuminate\\Foundation\\Http\\Middleware\\TransformsRequest->handle()
#59 /var/www/jexactyl/vendor/laravel/framework/src/Illuminate/Pipeline/Pipeline.php(167): Illuminate\\Foundation\\Http\\Middleware\\TrimStrings->handle()
#60 /var/www/jexactyl/vendor/laravel/framework/src/Illuminate/Foundation/Http/Middleware/ValidatePostSize.php(27): Illuminate\\Pipeline\\Pipeline->Illuminate\\Pipeline\\{closure}()
#61 /var/www/jexactyl/vendor/laravel/framework/src/Illuminate/Pipeline/Pipeline.php(167): Illuminate\\Foundation\\Http\\Middleware\\ValidatePostSize->handle()
#62 /var/www/jexactyl/vendor/laravel/framework/src/Illuminate/Foundation/Http/Middleware/PreventRequestsDuringMaintenance.php(86): Illuminate\\Pipeline\\Pipeline->Illuminate\\Pipeline\\{closure}()
#63 /var/www/jexactyl/vendor/laravel/framework/src/Illuminate/Pipeline/Pipeline.php(167): Illuminate\\Foundation\\Http\\Middleware\\PreventRequestsDuringMaintenance->handle()
#64 /var/www/jexactyl/vendor/fruitcake/laravel-cors/src/HandleCors.php(52): Illuminate\\Pipeline\\Pipeline->Illuminate\\Pipeline\\{closure}()
#65 /var/www/jexactyl/vendor/laravel/framework/src/Illuminate/Pipeline/Pipeline.php(167): Fruitcake\\Cors\\HandleCors->handle()
#66 /var/www/jexactyl/vendor/laravel/framework/src/Illuminate/Http/Middleware/TrustProxies.php(39): Illuminate\\Pipeline\\Pipeline->Illuminate\\Pipeline\\{closure}()
#67 /var/www/jexactyl/vendor/laravel/framework/src/Illuminate/Pipeline/Pipeline.php(167): Illuminate\\Http\\Middleware\\TrustProxies->handle()
#68 /var/www/jexactyl/vendor/laravel/framework/src/Illuminate/Pipeline/Pipeline.php(103): Illuminate\\Pipeline\\Pipeline->Illuminate\\Pipeline\\{closure}()
#69 /var/www/jexactyl/vendor/laravel/framework/src/Illuminate/Foundation/Http/Kernel.php(142): Illuminate\\Pipeline\\Pipeline->then()
#70 /var/www/jexactyl/vendor/laravel/framework/src/Illuminate/Foundation/Http/Kernel.php(111): Illuminate\\Foundation\\Http\\Kernel->sendRequestThroughRouter()
#71 /var/www/jexactyl/public/index.php(68): Illuminate\\Foundation\\Http\\Kernel->handle()
#72 {main}
"} 
[2022-08-23 20:11:46] production.ERROR: Class "Pterodactyl\Http\Controllers\Api\Client\Servers\DisplayException" not found {"userId":6,"exception":"[object] (Error(code: 0): Class \"Pterodactyl\\Http\\Controllers\\Api\\Client\\Servers\\DisplayException\" not found at /var/www/jexactyl/app/Http/Controllers/Api/Client/Servers/ServerController.php:81)
[stacktrace]
#0 /var/www/jexactyl/vendor/laravel/framework/src/Illuminate/Routing/Controller.php(54): Pterodactyl\\Http\\Controllers\\Api\\Client\\Servers\\ServerController->delete()
#1 /var/www/jexactyl/vendor/laravel/framework/src/Illuminate/Routing/ControllerDispatcher.php(45): Illuminate\\Routing\\Controller->callAction()
#2 /var/www/jexactyl/vendor/laravel/framework/src/Illuminate/Routing/Route.php(262): Illuminate\\Routing\\ControllerDispatcher->dispatch()
#3 /var/www/jexactyl/vendor/laravel/framework/src/Illuminate/Routing/Route.php(205): Illuminate\\Routing\\Route->runController()
#4 /var/www/jexactyl/vendor/laravel/framework/src/Illuminate/Routing/Router.php(721): Illuminate\\Routing\\Route->run()
#5 /var/www/jexactyl/vendor/laravel/framework/src/Illuminate/Pipeline/Pipeline.php(128): Illuminate\\Routing\\Router->Illuminate\\Routing\\{closure}()
#6 /var/www/jexactyl/app/Http/Middleware/Api/Client/Server/ResourceBelongsToServer.php(88): Illuminate\\Pipeline\\Pipeline->Illuminate\\Pipeline\\{closure}()
#7 /var/www/jexactyl/vendor/laravel/framework/src/Illuminate/Pipeline/Pipeline.php(167): Pterodactyl\\Http\\Middleware\\Api\\Client\\Server\\ResourceBelongsToServer->handle()
#8 /var/www/jexactyl/app/Http/Middleware/Api/Client/Server/AuthenticateServerAccess.php(80): Illuminate\\Pipeline\\Pipeline->Illuminate\\Pipeline\\{closure}()
#9 /var/www/jexactyl/vendor/laravel/framework/src/Illuminate/Pipeline/Pipeline.php(167): Pterodactyl\\Http\\Middleware\\Api\\Client\\Server\\AuthenticateServerAccess->handle()
#10 /var/www/jexactyl/app/Http/Middleware/Activity/ServerSubject.php(28): Illuminate\\Pipeline\\Pipeline->Illuminate\\Pipeline\\{closure}()
#11 /var/www/jexactyl/vendor/laravel/framework/src/Illuminate/Pipeline/Pipeline.php(167): Pterodactyl\\Http\\Middleware\\Activity\\ServerSubject->handle()
#12 /var/www/jexactyl/vendor/laravel/framework/src/Illuminate/Routing/Middleware/ThrottleRequests.php(127): Illuminate\\Pipeline\\Pipeline->Illuminate\\Pipeline\\{closure}()
#13 /var/www/jexactyl/vendor/laravel/framework/src/Illuminate/Routing/Middleware/ThrottleRequests.php(103): Illuminate\\Routing\\Middleware\\ThrottleRequests->handleRequest()
#14 /var/www/jexactyl/vendor/laravel/framework/src/Illuminate/Routing/Middleware/ThrottleRequests.php(55): Illuminate\\Routing\\Middleware\\ThrottleRequests->handleRequestUsingNamedLimiter()
#15 /var/www/jexactyl/vendor/laravel/framework/src/Illuminate/Pipeline/Pipeline.php(167): Illuminate\\Routing\\Middleware\\ThrottleRequests->handle()
#16 /var/www/jexactyl/app/Http/Middleware/Api/Client/RequireClientApiKey.php(25): Illuminate\\Pipeline\\Pipeline->Illuminate\\Pipeline\\{closure}()
#17 /var/www/jexactyl/vendor/laravel/framework/src/Illuminate/Pipeline/Pipeline.php(167): Pterodactyl\\Http\\Middleware\\Api\\Client\\RequireClientApiKey->handle()
#18 /var/www/jexactyl/vendor/laravel/framework/src/Illuminate/Routing/Middleware/SubstituteBindings.php(50): Illuminate\\Pipeline\\Pipeline->Illuminate\\Pipeline\\{closure}()
#19 /var/www/jexactyl/app/Http/Middleware/Api/Client/SubstituteClientBindings.php(34): Illuminate\\Routing\\Middleware\\SubstituteBindings->handle()
#20 /var/www/jexactyl/vendor/laravel/framework/src/Illuminate/Pipeline/Pipeline.php(167): Pterodactyl\\Http\\Middleware\\Api\\Client\\SubstituteClientBindings->handle()
#21 /var/www/jexactyl/app/Http/Middleware/Api/AuthenticateIPAccess.php(33): Illuminate\\Pipeline\\Pipeline->Illuminate\\Pipeline\\{closure}()
#22 /var/www/jexactyl/vendor/laravel/framework/src/Illuminate/Pipeline/Pipeline.php(167): Pterodactyl\\Http\\Middleware\\Api\\AuthenticateIPAccess->handle()
#23 /var/www/jexactyl/app/Http/Middleware/RequireTwoFactorAuthentication.php(64): Illuminate\\Pipeline\\Pipeline->Illuminate\\Pipeline\\{closure}()
#24 /var/www/jexactyl/vendor/laravel/framework/src/Illuminate/Pipeline/Pipeline.php(167): Pterodactyl\\Http\\Middleware\\RequireTwoFactorAuthentication->handle()
#25 /var/www/jexactyl/app/Http/Middleware/Activity/TrackAPIKey.php(28): Illuminate\\Pipeline\\Pipeline->Illuminate\\Pipeline\\{closure}()
#26 /var/www/jexactyl/vendor/laravel/framework/src/Illuminate/Pipeline/Pipeline.php(167): Pterodactyl\\Http\\Middleware\\Activity\\TrackAPIKey->handle()
#27 /var/www/jexactyl/app/Http/Middleware/Api/IsValidJson.php(29): Illuminate\\Pipeline\\Pipeline->Illuminate\\Pipeline\\{closure}()
#28 /var/www/jexactyl/vendor/laravel/framework/src/Illuminate/Pipeline/Pipeline.php(167): Pterodactyl\\Http\\Middleware\\Api\\IsValidJson->handle()
#29 /var/www/jexactyl/vendor/laravel/framework/src/Illuminate/Auth/Middleware/Authenticate.php(44): Illuminate\\Pipeline\\Pipeline->Illuminate\\Pipeline\\{closure}()
#30 /var/www/jexactyl/vendor/laravel/framework/src/Illuminate/Pipeline/Pipeline.php(167): Illuminate\\Auth\\Middleware\\Authenticate->handle()
#31 /var/www/jexactyl/vendor/laravel/sanctum/src/Http/Middleware/EnsureFrontendRequestsAreStateful.php(33): Illuminate\\Pipeline\\Pipeline->Illuminate\\Pipeline\\{closure}()
#32 /var/www/jexactyl/vendor/laravel/framework/src/Illuminate/Pipeline/Pipeline.php(128): Laravel\\Sanctum\\Http\\Middleware\\EnsureFrontendRequestsAreStateful->Laravel\\Sanctum\\Http\\Middleware\\{closure}()
#33 /var/www/jexactyl/vendor/laravel/framework/src/Illuminate/Foundation/Http/Middleware/VerifyCsrfToken.php(78): Illuminate\\Pipeline\\Pipeline->Illuminate\\Pipeline\\{closure}()
#34 /var/www/jexactyl/vendor/laravel/framework/src/Illuminate/Pipeline/Pipeline.php(167): Illuminate\\Foundation\\Http\\Middleware\\VerifyCsrfToken->handle()
#35 /var/www/jexactyl/vendor/laravel/framework/src/Illuminate/Session/Middleware/StartSession.php(121): Illuminate\\Pipeline\\Pipeline->Illuminate\\Pipeline\\{closure}()
#36 /var/www/jexactyl/vendor/laravel/framework/src/Illuminate/Session/Middleware/StartSession.php(64): Illuminate\\Session\\Middleware\\StartSession->handleStatefulRequest()
#37 /var/www/jexactyl/vendor/laravel/framework/src/Illuminate/Pipeline/Pipeline.php(167): Illuminate\\Session\\Middleware\\StartSession->handle()
#38 /var/www/jexactyl/vendor/laravel/framework/src/Illuminate/Cookie/Middleware/AddQueuedCookiesToResponse.php(37): Illuminate\\Pipeline\\Pipeline->Illuminate\\Pipeline\\{closure}()
#39 /var/www/jexactyl/vendor/laravel/framework/src/Illuminate/Pipeline/Pipeline.php(167): Illuminate\\Cookie\\Middleware\\AddQueuedCookiesToResponse->handle()
#40 /var/www/jexactyl/vendor/laravel/framework/src/Illuminate/Cookie/Middleware/EncryptCookies.php(67): Illuminate\\Pipeline\\Pipeline->Illuminate\\Pipeline\\{closure}()
#41 /var/www/jexactyl/vendor/laravel/framework/src/Illuminate/Pipeline/Pipeline.php(167): Illuminate\\Cookie\\Middleware\\EncryptCookies->handle()
#42 /var/www/jexactyl/vendor/laravel/sanctum/src/Http/Middleware/EnsureFrontendRequestsAreStateful.php(26): Illuminate\\Pipeline\\Pipeline->Illuminate\\Pipeline\\{closure}()
#43 /var/www/jexactyl/vendor/laravel/framework/src/Illuminate/Pipeline/Pipeline.php(149): Laravel\\Sanctum\\Http\\Middleware\\EnsureFrontendRequestsAreStateful->Laravel\\Sanctum\\Http\\Middleware\\{closure}()
#44 /var/www/jexactyl/vendor/laravel/framework/src/Illuminate/Pipeline/Pipeline.php(103): Illuminate\\Pipeline\\Pipeline->Illuminate\\Pipeline\\{closure}()
#45 /var/www/jexactyl/vendor/laravel/sanctum/src/Http/Middleware/EnsureFrontendRequestsAreStateful.php(34): Illuminate\\Pipeline\\Pipeline->then()
#46 /var/www/jexactyl/vendor/laravel/framework/src/Illuminate/Pipeline/Pipeline.php(167): Laravel\\Sanctum\\Http\\Middleware\\EnsureFrontendRequestsAreStateful->handle()
#47 /var/www/jexactyl/vendor/laravel/framework/src/Illuminate/Pipeline/Pipeline.php(103): Illuminate\\Pipeline\\Pipeline->Illuminate\\Pipeline\\{closure}()
#48 /var/www/jexactyl/vendor/laravel/framework/src/Illuminate/Routing/Router.php(723): Illuminate\\Pipeline\\Pipeline->then()
#49 /var/www/jexactyl/vendor/laravel/framework/src/Illuminate/Routing/Router.php(698): Illuminate\\Routing\\Router->runRouteWithinStack()
#50 /var/www/jexactyl/vendor/laravel/framework/src/Illuminate/Routing/Router.php(662): Illuminate\\Routing\\Router->runRoute()
#51 /var/www/jexactyl/vendor/laravel/framework/src/Illuminate/Routing/Router.php(651): Illuminate\\Routing\\Router->dispatchToRoute()
#52 /var/www/jexactyl/vendor/laravel/framework/src/Illuminate/Foundation/Http/Kernel.php(167): Illuminate\\Routing\\Router->dispatch()
#53 /var/www/jexactyl/vendor/laravel/framework/src/Illuminate/Pipeline/Pipeline.php(128): Illuminate\\Foundation\\Http\\Kernel->Illuminate\\Foundation\\Http\\{closure}()
#54 /var/www/jexactyl/vendor/laravel/framework/src/Illuminate/Foundation/Http/Middleware/TransformsRequest.php(21): Illuminate\\Pipeline\\Pipeline->Illuminate\\Pipeline\\{closure}()
#55 /var/www/jexactyl/vendor/laravel/framework/src/Illuminate/Foundation/Http/Middleware/ConvertEmptyStringsToNull.php(31): Illuminate\\Foundation\\Http\\Middleware\\TransformsRequest->handle()
#56 /var/www/jexactyl/vendor/laravel/framework/src/Illuminate/Pipeline/Pipeline.php(167): Illuminate\\Foundation\\Http\\Middleware\\ConvertEmptyStringsToNull->handle()
#57 /var/www/jexactyl/vendor/laravel/framework/src/Illuminate/Foundation/Http/Middleware/TransformsRequest.php(21): Illuminate\\Pipeline\\Pipeline->Illuminate\\Pipeline\\{closure}()
#58 /var/www/jexactyl/vendor/laravel/framework/src/Illuminate/Foundation/Http/Middleware/TrimStrings.php(40): Illuminate\\Foundation\\Http\\Middleware\\TransformsRequest->handle()
#59 /var/www/jexactyl/vendor/laravel/framework/src/Illuminate/Pipeline/Pipeline.php(167): Illuminate\\Foundation\\Http\\Middleware\\TrimStrings->handle()
#60 /var/www/jexactyl/vendor/laravel/framework/src/Illuminate/Foundation/Http/Middleware/ValidatePostSize.php(27): Illuminate\\Pipeline\\Pipeline->Illuminate\\Pipeline\\{closure}()
#61 /var/www/jexactyl/vendor/laravel/framework/src/Illuminate/Pipeline/Pipeline.php(167): Illuminate\\Foundation\\Http\\Middleware\\ValidatePostSize->handle()
#62 /var/www/jexactyl/vendor/laravel/framework/src/Illuminate/Foundation/Http/Middleware/PreventRequestsDuringMaintenance.php(86): Illuminate\\Pipeline\\Pipeline->Illuminate\\Pipeline\\{closure}()
#63 /var/www/jexactyl/vendor/laravel/framework/src/Illuminate/Pipeline/Pipeline.php(167): Illuminate\\Foundation\\Http\\Middleware\\PreventRequestsDuringMaintenance->handle()
#64 /var/www/jexactyl/vendor/fruitcake/laravel-cors/src/HandleCors.php(52): Illuminate\\Pipeline\\Pipeline->Illuminate\\Pipeline\\{closure}()
#65 /var/www/jexactyl/vendor/laravel/framework/src/Illuminate/Pipeline/Pipeline.php(167): Fruitcake\\Cors\\HandleCors->handle()
#66 /var/www/jexactyl/vendor/laravel/framework/src/Illuminate/Http/Middleware/TrustProxies.php(39): Illuminate\\Pipeline\\Pipeline->Illuminate\\Pipeline\\{closure}()
#67 /var/www/jexactyl/vendor/laravel/framework/src/Illuminate/Pipeline/Pipeline.php(167): Illuminate\\Http\\Middleware\\TrustProxies->handle()
#68 /var/www/jexactyl/vendor/laravel/framework/src/Illuminate/Pipeline/Pipeline.php(103): Illuminate\\Pipeline\\Pipeline->Illuminate\\Pipeline\\{closure}()
#69 /var/www/jexactyl/vendor/laravel/framework/src/Illuminate/Foundation/Http/Kernel.php(142): Illuminate\\Pipeline\\Pipeline->then()
#70 /var/www/jexactyl/vendor/laravel/framework/src/Illuminate/Foundation/Http/Kernel.php(111): Illuminate\\Foundation\\Http\\Kernel->sendRequestThroughRouter()
#71 /var/www/jexactyl/public/index.php(68): Illuminate\\Foundation\\Http\\Kernel->handle()
#72 {main}
"} 
