[2022-08-26 02:57:49] production.ERROR: Class "Pterodactyl\Http\Controllers\Api\Client\Servers\DisplayException" not found {"userId":12,"exception":"[object] (Error(code: 0): Class \"Pterodactyl\\Http\\Controllers\\Api\\Client\\Servers\\DisplayException\" not found at /var/www/jexactyl/app/Http/Controllers/Api/Client/Servers/ServerController.php:81)
[stacktrace]
#0 /var/www/jexactyl/vendor/laravel/framework/src/Illuminate/Routing/Controller.php(54): Pterodactyl\\Http\\Controllers\\Api\\Client\\Servers\\ServerController->delete()
#1 /var/www/jexactyl/vendor/laravel/framework/src/Illuminate/Routing/ControllerDispatcher.php(45): Illuminate\\Routing\\Controller->callAction()
#2 /var/www/jexactyl/vendor/laravel/framework/src/Illuminate/Routing/Route.php(262): Illuminate\\Routing\\ControllerDispatcher->dispatch()
#3 /var/www/jexactyl/vendor/laravel/framework/src/Illuminate/Routing/Route.php(205): Illuminate\\Routing\\Route->runController()
#4 /var/www/jexactyl/vendor/laravel/framework/src/Illuminate/Routing/Router.php(721): Illuminate\\Routing\\Route->run()
#5 /var/www/jexactyl/vendor/laravel/framework/src/Illuminate/Pipeline/Pipeline.php(128): Illuminate\\Routing\\Router->Illuminate\\Routing\\{closure}()
#6 /var/www/jexactyl/app/Http/Middleware/Api/Client/Server/ResourceBelongsToServer.php(88): Illuminate\\Pipeline\\Pipeline->Illuminate\\Pipeline\\{closure}()
#7 /var/www/jexactyl/vendor/laravel/framework/src/Illuminate/Pipeline/Pipeline.php(167): Pterodactyl\\Http\\Middleware\\Api\\Client\\Server\\ResourceBelongsToServer->handle()
#8 /var/www/jexactyl/app/Http/Middleware/Api/Client/Server/AuthenticateServerAccess.php(80): Illuminate\\Pipeline\\Pipeline->Illuminate\\Pipeline\\{closure}()
#9 /var/www/jexactyl/vendor/laravel/framework/src/Illuminate/Pipeline/Pipeline.php(167): Pterodactyl\\Http\\Middleware\\Api\\Client\\Server\\AuthenticateServerAccess->handle()
#10 /var/www/jexactyl/app/Http/Middleware/Activity/ServerSubject.php(28): Illuminate\\Pipeline\\Pipeline->Illuminate\\Pipeline\\{closure}()
#11 /var/www/jexactyl/vendor/laravel/framework/src/Illuminate/Pipeline/Pipeline.php(167): Pterodactyl\\Http\\Middleware\\Activity\\ServerSubject->handle()
#12 /var/www/jexactyl/vendor/laravel/framework/src/Illuminate/Routing/Middleware/ThrottleRequests.php(127): Illuminate\\Pipeline\\Pipeline->Illuminate\\Pipeline\\{closure}()
#13 /var/www/jexactyl/vendor/laravel/framework/src/Illuminate/Routing/Middleware/ThrottleRequests.php(103): Illuminate\\Routing\\Middleware\\ThrottleRequests->handleRequest()
#14 /var/www/jexactyl/vendor/laravel/framework/src/Illuminate/Routing/Middleware/ThrottleRequests.php(55): Illuminate\\Routing\\Middleware\\ThrottleRequests->handleRequestUsingNamedLimiter()
#15 /var/www/jexactyl/vendor/laravel/framework/src/Illuminate/Pipeline/Pipeline.php(167): Illuminate\\Routing\\Middleware\\ThrottleRequests->handle()
#16 /var/www/jexactyl/app/Http/Middleware/Api/Client/RequireClientApiKey.php(25): Illuminate\\Pipeline\\Pipeline->Illuminate\\Pipeline\\{closure}()
#17 /var/www/jexactyl/vendor/laravel/framework/src/Illuminate/Pipeline/Pipeline.php(167): Pterodactyl\\Http\\Middleware\\Api\\Client\\RequireClientApiKey->handle()
#18 /var/www/jexactyl/vendor/laravel/framework/src/Illuminate/Routing/Middleware/SubstituteBindings.php(50): Illuminate\\Pipeline\\Pipeline->Illuminate\\Pipeline\\{closure}()
#19 /var/www/jexactyl/app/Http/Middleware/Api/Client/SubstituteClientBindings.php(34): Illuminate\\Routing\\Middleware\\SubstituteBindings->handle()
#20 /var/www/jexactyl/vendor/laravel/framework/src/Illuminate/Pipeline/Pipeline.php(167): Pterodactyl\\Http\\Middleware\\Api\\Client\\SubstituteClientBindings->handle()
#21 /var/www/jexactyl/app/Http/Middleware/Api/AuthenticateIPAccess.php(33): Illuminate\\Pipeline\\Pipeline->Illuminate\\Pipeline\\{closure}()
#22 /var/www/jexactyl/vendor/laravel/framework/src/Illuminate/Pipeline/Pipeline.php(167): Pterodactyl\\Http\\Middleware\\Api\\AuthenticateIPAccess->handle()
#23 /var/www/jexactyl/app/Http/Middleware/RequireTwoFactorAuthentication.php(64): Illuminate\\Pipeline\\Pipeline->Illuminate\\Pipeline\\{closure}()
#24 /var/www/jexactyl/vendor/laravel/framework/src/Illuminate/Pipeline/Pipeline.php(167): Pterodactyl\\Http\\Middleware\\RequireTwoFactorAuthentication->handle()
#25 /var/www/jexactyl/app/Http/Middleware/Activity/TrackAPIKey.php(28): Illuminate\\Pipeline\\Pipeline->Illuminate\\Pipeline\\{closure}()
#26 /var/www/jexactyl/vendor/laravel/framework/src/Illuminate/Pipeline/Pipeline.php(167): Pterodactyl\\Http\\Middleware\\Activity\\TrackAPIKey->handle()
#27 /var/www/jexactyl/app/Http/Middleware/Api/IsValidJson.php(29): Illuminate\\Pipeline\\Pipeline->Illuminate\\Pipeline\\{closure}()
#28 /var/www/jexactyl/vendor/laravel/framework/src/Illuminate/Pipeline/Pipeline.php(167): Pterodactyl\\Http\\Middleware\\Api\\IsValidJson->handle()
#29 /var/www/jexactyl/vendor/laravel/framework/src/Illuminate/Auth/Middleware/Authenticate.php(44): Illuminate\\Pipeline\\Pipeline->Illuminate\\Pipeline\\{closure}()
#30 /var/www/jexactyl/vendor/laravel/framework/src/Illuminate/Pipeline/Pipeline.php(167): Illuminate\\Auth\\Middleware\\Authenticate->handle()
#31 /var/www/jexactyl/vendor/laravel/sanctum/src/Http/Middleware/EnsureFrontendRequestsAreStateful.php(33): Illuminate\\Pipeline\\Pipeline->Illuminate\\Pipeline\\{closure}()
#32 /var/www/jexactyl/vendor/laravel/framework/src/Illuminate/Pipeline/Pipeline.php(128): Laravel\\Sanctum\\Http\\Middleware\\EnsureFrontendRequestsAreStateful->Laravel\\Sanctum\\Http\\Middleware\\{closure}()
#33 /var/www/jexactyl/vendor/laravel/framework/src/Illuminate/Foundation/Http/Middleware/VerifyCsrfToken.php(78): Illuminate\\Pipeline\\Pipeline->Illuminate\\Pipeline\\{closure}()
#34 /var/www/jexactyl/vendor/laravel/framework/src/Illuminate/Pipeline/Pipeline.php(167): Illuminate\\Foundation\\Http\\Middleware\\VerifyCsrfToken->handle()
#35 /var/www/jexactyl/vendor/laravel/framework/src/Illuminate/Session/Middleware/StartSession.php(121): Illuminate\\Pipeline\\Pipeline->Illuminate\\Pipeline\\{closure}()
#36 /var/www/jexactyl/vendor/laravel/framework/src/Illuminate/Session/Middleware/StartSession.php(64): Illuminate\\Session\\Middleware\\StartSession->handleStatefulRequest()
#37 /var/www/jexactyl/vendor/laravel/framework/src/Illuminate/Pipeline/Pipeline.php(167): Illuminate\\Session\\Middleware\\StartSession->handle()
#38 /var/www/jexactyl/vendor/laravel/framework/src/Illuminate/Cookie/Middleware/AddQueuedCookiesToResponse.php(37): Illuminate\\Pipeline\\Pipeline->Illuminate\\Pipeline\\{closure}()
#39 /var/www/jexactyl/vendor/laravel/framework/src/Illuminate/Pipeline/Pipeline.php(167): Illuminate\\Cookie\\Middleware\\AddQueuedCookiesToResponse->handle()
#40 /var/www/jexactyl/vendor/laravel/framework/src/Illuminate/Cookie/Middleware/EncryptCookies.php(67): Illuminate\\Pipeline\\Pipeline->Illuminate\\Pipeline\\{closure}()
#41 /var/www/jexactyl/vendor/laravel/framework/src/Illuminate/Pipeline/Pipeline.php(167): Illuminate\\Cookie\\Middleware\\EncryptCookies->handle()
#42 /var/www/jexactyl/vendor/laravel/sanctum/src/Http/Middleware/EnsureFrontendRequestsAreStateful.php(26): Illuminate\\Pipeline\\Pipeline->Illuminate\\Pipeline\\{closure}()
#43 /var/www/jexactyl/vendor/laravel/framework/src/Illuminate/Pipeline/Pipeline.php(149): Laravel\\Sanctum\\Http\\Middleware\\EnsureFrontendRequestsAreStateful->Laravel\\Sanctum\\Http\\Middleware\\{closure}()
#44 /var/www/jexactyl/vendor/laravel/framework/src/Illuminate/Pipeline/Pipeline.php(103): Illuminate\\Pipeline\\Pipeline->Illuminate\\Pipeline\\{closure}()
#45 /var/www/jexactyl/vendor/laravel/sanctum/src/Http/Middleware/EnsureFrontendRequestsAreStateful.php(34): Illuminate\\Pipeline\\Pipeline->then()
#46 /var/www/jexactyl/vendor/laravel/framework/src/Illuminate/Pipeline/Pipeline.php(167): Laravel\\Sanctum\\Http\\Middleware\\EnsureFrontendRequestsAreStateful->handle()
#47 /var/www/jexactyl/vendor/laravel/framework/src/Illuminate/Pipeline/Pipeline.php(103): Illuminate\\Pipeline\\Pipeline->Illuminate\\Pipeline\\{closure}()
#48 /var/www/jexactyl/vendor/laravel/framework/src/Illuminate/Routing/Router.php(723): Illuminate\\Pipeline\\Pipeline->then()
#49 /var/www/jexactyl/vendor/laravel/framework/src/Illuminate/Routing/Router.php(698): Illuminate\\Routing\\Router->runRouteWithinStack()
#50 /var/www/jexactyl/vendor/laravel/framework/src/Illuminate/Routing/Router.php(662): Illuminate\\Routing\\Router->runRoute()
#51 /var/www/jexactyl/vendor/laravel/framework/src/Illuminate/Routing/Router.php(651): Illuminate\\Routing\\Router->dispatchToRoute()
#52 /var/www/jexactyl/vendor/laravel/framework/src/Illuminate/Foundation/Http/Kernel.php(167): Illuminate\\Routing\\Router->dispatch()
#53 /var/www/jexactyl/vendor/laravel/framework/src/Illuminate/Pipeline/Pipeline.php(128): Illuminate\\Foundation\\Http\\Kernel->Illuminate\\Foundation\\Http\\{closure}()
#54 /var/www/jexactyl/vendor/laravel/framework/src/Illuminate/Foundation/Http/Middleware/TransformsRequest.php(21): Illuminate\\Pipeline\\Pipeline->Illuminate\\Pipeline\\{closure}()
#55 /var/www/jexactyl/vendor/laravel/framework/src/Illuminate/Foundation/Http/Middleware/ConvertEmptyStringsToNull.php(31): Illuminate\\Foundation\\Http\\Middleware\\TransformsRequest->handle()
#56 /var/www/jexactyl/vendor/laravel/framework/src/Illuminate/Pipeline/Pipeline.php(167): Illuminate\\Foundation\\Http\\Middleware\\ConvertEmptyStringsToNull->handle()
#57 /var/www/jexactyl/vendor/laravel/framework/src/Illuminate/Foundation/Http/Middleware/TransformsRequest.php(21): Illuminate\\Pipeline\\Pipeline->Illuminate\\Pipeline\\{closure}()
#58 /var/www/jexactyl/vendor/laravel/framework/src/Illuminate/Foundation/Http/Middleware/TrimStrings.php(40): Illuminate\\Foundation\\Http\\Middleware\\TransformsRequest->handle()
#59 /var/www/jexactyl/vendor/laravel/framework/src/Illuminate/Pipeline/Pipeline.php(167): Illuminate\\Foundation\\Http\\Middleware\\TrimStrings->handle()
#60 /var/www/jexactyl/vendor/laravel/framework/src/Illuminate/Foundation/Http/Middleware/ValidatePostSize.php(27): Illuminate\\Pipeline\\Pipeline->Illuminate\\Pipeline\\{closure}()
#61 /var/www/jexactyl/vendor/laravel/framework/src/Illuminate/Pipeline/Pipeline.php(167): Illuminate\\Foundation\\Http\\Middleware\\ValidatePostSize->handle()
#62 /var/www/jexactyl/vendor/laravel/framework/src/Illuminate/Foundation/Http/Middleware/PreventRequestsDuringMaintenance.php(86): Illuminate\\Pipeline\\Pipeline->Illuminate\\Pipeline\\{closure}()
#63 /var/www/jexactyl/vendor/laravel/framework/src/Illuminate/Pipeline/Pipeline.php(167): Illuminate\\Foundation\\Http\\Middleware\\PreventRequestsDuringMaintenance->handle()
#64 /var/www/jexactyl/vendor/fruitcake/laravel-cors/src/HandleCors.php(52): Illuminate\\Pipeline\\Pipeline->Illuminate\\Pipeline\\{closure}()
#65 /var/www/jexactyl/vendor/laravel/framework/src/Illuminate/Pipeline/Pipeline.php(167): Fruitcake\\Cors\\HandleCors->handle()
#66 /var/www/jexactyl/vendor/laravel/framework/src/Illuminate/Http/Middleware/TrustProxies.php(39): Illuminate\\Pipeline\\Pipeline->Illuminate\\Pipeline\\{closure}()
#67 /var/www/jexactyl/vendor/laravel/framework/src/Illuminate/Pipeline/Pipeline.php(167): Illuminate\\Http\\Middleware\\TrustProxies->handle()
#68 /var/www/jexactyl/vendor/laravel/framework/src/Illuminate/Pipeline/Pipeline.php(103): Illuminate\\Pipeline\\Pipeline->Illuminate\\Pipeline\\{closure}()
#69 /var/www/jexactyl/vendor/laravel/framework/src/Illuminate/Foundation/Http/Kernel.php(142): Illuminate\\Pipeline\\Pipeline->then()
#70 /var/www/jexactyl/vendor/laravel/framework/src/Illuminate/Foundation/Http/Kernel.php(111): Illuminate\\Foundation\\Http\\Kernel->sendRequestThroughRouter()
#71 /var/www/jexactyl/public/index.php(68): Illuminate\\Foundation\\Http\\Kernel->handle()
#72 {main}
"} 
[2022-08-26 07:40:43] production.WARNING: GuzzleHttp\Exception\ClientException: Client error: `PUT https://sg1.bluedhost.tk:8080/api/servers/7a16983a-bbad-4805-ac76-66822393e0f4/files/rename` resulted in a `400 Bad Request` response:
{"error":"Cannot move or rename file, destination already exists."}
 in /var/www/jexactyl/vendor/guzzlehttp/guzzle/src/Exception/RequestException.php:113
Stack trace:
#0 /var/www/jexactyl/vendor/guzzlehttp/guzzle/src/Middleware.php(69): GuzzleHttp\Exception\RequestException::create()
#1 /var/www/jexactyl/vendor/guzzlehttp/promises/src/Promise.php(204): GuzzleHttp\Middleware::GuzzleHttp\{closure}()
#2 /var/www/jexactyl/vendor/guzzlehttp/promises/src/Promise.php(153): GuzzleHttp\Promise\Promise::callHandler()
#3 /var/www/jexactyl/vendor/guzzlehttp/promises/src/TaskQueue.php(48): GuzzleHttp\Promise\Promise::GuzzleHttp\Promise\{closure}()
#4 /var/www/jexactyl/vendor/guzzlehttp/promises/src/Promise.php(248): GuzzleHttp\Promise\TaskQueue->run()
#5 /var/www/jexactyl/vendor/guzzlehttp/promises/src/Promise.php(224): GuzzleHttp\Promise\Promise->invokeWaitFn()
#6 /var/www/jexactyl/vendor/guzzlehttp/promises/src/Promise.php(269): GuzzleHttp\Promise\Promise->waitIfPending()
#7 /var/www/jexactyl/vendor/guzzlehttp/promises/src/Promise.php(226): GuzzleHttp\Promise\Promise->invokeWaitList()
#8 /var/www/jexactyl/vendor/guzzlehttp/promises/src/Promise.php(62): GuzzleHttp\Promise\Promise->waitIfPending()
#9 /var/www/jexactyl/vendor/guzzlehttp/guzzle/src/Client.php(187): GuzzleHttp\Promise\Promise->wait()
#10 /var/www/jexactyl/vendor/guzzlehttp/guzzle/src/ClientTrait.php(78): GuzzleHttp\Client->request()
#11 /var/www/jexactyl/app/Repositories/Wings/DaemonFileRepository.php(132): GuzzleHttp\Client->put()
#12 /var/www/jexactyl/app/Http/Controllers/Api/Client/Servers/FileController.php(159): Pterodactyl\Repositories\Wings\DaemonFileRepository->renameFiles()
#13 /var/www/jexactyl/vendor/laravel/framework/src/Illuminate/Routing/Controller.php(54): Pterodactyl\Http\Controllers\Api\Client\Servers\FileController->rename()
#14 /var/www/jexactyl/vendor/laravel/framework/src/Illuminate/Routing/ControllerDispatcher.php(45): Illuminate\Routing\Controller->callAction()
#15 /var/www/jexactyl/vendor/laravel/framework/src/Illuminate/Routing/Route.php(262): Illuminate\Routing\ControllerDispatcher->dispatch()
#16 /var/www/jexactyl/vendor/laravel/framework/src/Illuminate/Routing/Route.php(205): Illuminate\Routing\Route->runController()
#17 /var/www/jexactyl/vendor/laravel/framework/src/Illuminate/Routing/Router.php(721): Illuminate\Routing\Route->run()
#18 /var/www/jexactyl/vendor/laravel/framework/src/Illuminate/Pipeline/Pipeline.php(128): Illuminate\Routing\Router->Illuminate\Routing\{closure}()
#19 /var/www/jexactyl/app/Http/Middleware/Api/Client/Server/ResourceBelongsToServer.php(88): Illuminate\Pipeline\Pipeline->Illuminate\Pipeline\{closure}()
#20 /var/www/jexactyl/vendor/laravel/framework/src/Illuminate/Pipeline/Pipeline.php(167): Pterodactyl\Http\Middleware\Api\Client\Server\ResourceBelongsToServer->handle()
#21 /var/www/jexactyl/app/Http/Middleware/Api/Client/Server/AuthenticateServerAccess.php(80): Illuminate\Pipeline\Pipeline->Illuminate\Pipeline\{closure}()
#22 /var/www/jexactyl/vendor/laravel/framework/src/Illuminate/Pipeline/Pipeline.php(167): Pterodactyl\Http\Middleware\Api\Client\Server\AuthenticateServerAccess->handle()
#23 /var/www/jexactyl/app/Http/Middleware/Activity/ServerSubject.php(28): Illuminate\Pipeline\Pipeline->Illuminate\Pipeline\{closure}()
#24 /var/www/jexactyl/vendor/laravel/framework/src/Illuminate/Pipeline/Pipeline.php(167): Pterodactyl\Http\Middleware\Activity\ServerSubject->handle()
#25 /var/www/jexactyl/vendor/laravel/framework/src/Illuminate/Routing/Middleware/ThrottleRequests.php(127): Illuminate\Pipeline\Pipeline->Illuminate\Pipeline\{closure}()
#26 /var/www/jexactyl/vendor/laravel/framework/src/Illuminate/Routing/Middleware/ThrottleRequests.php(103): Illuminate\Routing\Middleware\ThrottleRequests->handleRequest()
#27 /var/www/jexactyl/vendor/laravel/framework/src/Illuminate/Routing/Middleware/ThrottleRequests.php(55): Illuminate\Routing\Middleware\ThrottleRequests->handleRequestUsingNamedLimiter()
#28 /var/www/jexactyl/vendor/laravel/framework/src/Illuminate/Pipeline/Pipeline.php(167): Illuminate\Routing\Middleware\ThrottleRequests->handle()
#29 /var/www/jexactyl/app/Http/Middleware/Api/Client/RequireClientApiKey.php(25): Illuminate\Pipeline\Pipeline->Illuminate\Pipeline\{closure}()
#30 /var/www/jexactyl/vendor/laravel/framework/src/Illuminate/Pipeline/Pipeline.php(167): Pterodactyl\Http\Middleware\Api\Client\RequireClientApiKey->handle()
#31 /var/www/jexactyl/vendor/laravel/framework/src/Illuminate/Routing/Middleware/SubstituteBindings.php(50): Illuminate\Pipeline\Pipeline->Illuminate\Pipeline\{closure}()
#32 /var/www/jexactyl/app/Http/Middleware/Api/Client/SubstituteClientBindings.php(34): Illuminate\Routing\Middleware\SubstituteBindings->handle()
#33 /var/www/jexactyl/vendor/laravel/framework/src/Illuminate/Pipeline/Pipeline.php(167): Pterodactyl\Http\Middleware\Api\Client\SubstituteClientBindings->handle()
#34 /var/www/jexactyl/app/Http/Middleware/Api/AuthenticateIPAccess.php(33): Illuminate\Pipeline\Pipeline->Illuminate\Pipeline\{closure}()
#35 /var/www/jexactyl/vendor/laravel/framework/src/Illuminate/Pipeline/Pipeline.php(167): Pterodactyl\Http\Middleware\Api\AuthenticateIPAccess->handle()
#36 /var/www/jexactyl/app/Http/Middleware/RequireTwoFactorAuthentication.php(64): Illuminate\Pipeline\Pipeline->Illuminate\Pipeline\{closure}()
#37 /var/www/jexactyl/vendor/laravel/framework/src/Illuminate/Pipeline/Pipeline.php(167): Pterodactyl\Http\Middleware\RequireTwoFactorAuthentication->handle()
#38 /var/www/jexactyl/app/Http/Middleware/Activity/TrackAPIKey.php(28): Illuminate\Pipeline\Pipeline->Illuminate\Pipeline\{closure}()
#39 /var/www/jexactyl/vendor/laravel/framework/src/Illuminate/Pipeline/Pipeline.php(167): Pterodactyl\Http\Middleware\Activity\TrackAPIKey->handle()
#40 /var/www/jexactyl/app/Http/Middleware/Api/IsValidJson.php(29): Illuminate\Pipeline\Pipeline->Illuminate\Pipeline\{closure}()
#41 /var/www/jexactyl/vendor/laravel/framework/src/Illuminate/Pipeline/Pipeline.php(167): Pterodactyl\Http\Middleware\Api\IsValidJson->handle()
#42 /var/www/jexactyl/vendor/laravel/framework/src/Illuminate/Auth/Middleware/Authenticate.php(44): Illuminate\Pipeline\Pipeline->Illuminate\Pipeline\{closure}()
#43 /var/www/jexactyl/vendor/laravel/framework/src/Illuminate/Pipeline/Pipeline.php(167): Illuminate\Auth\Middleware\Authenticate->handle()
#44 /var/www/jexactyl/vendor/laravel/sanctum/src/Http/Middleware/EnsureFrontendRequestsAreStateful.php(33): Illuminate\Pipeline\Pipeline->Illuminate\Pipeline\{closure}()
#45 /var/www/jexactyl/vendor/laravel/framework/src/Illuminate/Pipeline/Pipeline.php(128): Laravel\Sanctum\Http\Middleware\EnsureFrontendRequestsAreStateful->Laravel\Sanctum\Http\Middleware\{closure}()
#46 /var/www/jexactyl/vendor/laravel/framework/src/Illuminate/Foundation/Http/Middleware/VerifyCsrfToken.php(78): Illuminate\Pipeline\Pipeline->Illuminate\Pipeline\{closure}()
#47 /var/www/jexactyl/vendor/laravel/framework/src/Illuminate/Pipeline/Pipeline.php(167): Illuminate\Foundation\Http\Middleware\VerifyCsrfToken->handle()
#48 /var/www/jexactyl/vendor/laravel/framework/src/Illuminate/Session/Middleware/StartSession.php(121): Illuminate\Pipeline\Pipeline->Illuminate\Pipeline\{closure}()
#49 /var/www/jexactyl/vendor/laravel/framework/src/Illuminate/Session/Middleware/StartSession.php(64): Illuminate\Session\Middleware\StartSession->handleStatefulRequest()
#50 /var/www/jexactyl/vendor/laravel/framework/src/Illuminate/Pipeline/Pipeline.php(167): Illuminate\Session\Middleware\StartSession->handle()
#51 /var/www/jexactyl/vendor/laravel/framework/src/Illuminate/Cookie/Middleware/AddQueuedCookiesToResponse.php(37): Illuminate\Pipeline\Pipeline->Illuminate\Pipeline\{closure}()
#52 /var/www/jexactyl/vendor/laravel/framework/src/Illuminate/Pipeline/Pipeline.php(167): Illuminate\Cookie\Middleware\AddQueuedCookiesToResponse->handle()
#53 /var/www/jexactyl/vendor/laravel/framework/src/Illuminate/Cookie/Middleware/EncryptCookies.php(67): Illuminate\Pipeline\Pipeline->Illuminate\Pipeline\{closure}()
#54 /var/www/jexactyl/vendor/laravel/framework/src/Illuminate/Pipeline/Pipeline.php(167): Illuminate\Cookie\Middleware\EncryptCookies->handle()
#55 /var/www/jexactyl/vendor/laravel/sanctum/src/Http/Middleware/EnsureFrontendRequestsAreStateful.php(26): Illuminate\Pipeline\Pipeline->Illuminate\Pipeline\{closure}()
#56 /var/www/jexactyl/vendor/laravel/framework/src/Illuminate/Pipeline/Pipeline.php(149): Laravel\Sanctum\Http\Middleware\EnsureFrontendRequestsAreStateful->Laravel\Sanctum\Http\Middleware\{closure}()
#57 /var/www/jexactyl/vendor/laravel/framework/src/Illuminate/Pipeline/Pipeline.php(103): Illuminate\Pipeline\Pipeline->Illuminate\Pipeline\{closure}()
#58 /var/www/jexactyl/vendor/laravel/sanctum/src/Http/Middleware/EnsureFrontendRequestsAreStateful.php(34): Illuminate\Pipeline\Pipeline->then()
#59 /var/www/jexactyl/vendor/laravel/framework/src/Illuminate/Pipeline/Pipeline.php(167): Laravel\Sanctum\Http\Middleware\EnsureFrontendRequestsAreStateful->handle()
#60 /var/www/jexactyl/vendor/laravel/framework/src/Illuminate/Pipeline/Pipeline.php(103): Illuminate\Pipeline\Pipeline->Illuminate\Pipeline\{closure}()
#61 /var/www/jexactyl/vendor/laravel/framework/src/Illuminate/Routing/Router.php(723): Illuminate\Pipeline\Pipeline->then()
#62 /var/www/jexactyl/vendor/laravel/framework/src/Illuminate/Routing/Router.php(698): Illuminate\Routing\Router->runRouteWithinStack()
#63 /var/www/jexactyl/vendor/laravel/framework/src/Illuminate/Routing/Router.php(662): Illuminate\Routing\Router->runRoute()
#64 /var/www/jexactyl/vendor/laravel/framework/src/Illuminate/Routing/Router.php(651): Illuminate\Routing\Router->dispatchToRoute()
#65 /var/www/jexactyl/vendor/laravel/framework/src/Illuminate/Foundation/Http/Kernel.php(167): Illuminate\Routing\Router->dispatch()
#66 /var/www/jexactyl/vendor/laravel/framework/src/Illuminate/Pipeline/Pipeline.php(128): Illuminate\Foundation\Http\Kernel->Illuminate\Foundation\Http\{closure}()
#67 /var/www/jexactyl/vendor/laravel/framework/src/Illuminate/Foundation/Http/Middleware/TransformsRequest.php(21): Illuminate\Pipeline\Pipeline->Illuminate\Pipeline\{closure}()
#68 /var/www/jexactyl/vendor/laravel/framework/src/Illuminate/Foundation/Http/Middleware/ConvertEmptyStringsToNull.php(31): Illuminate\Foundation\Http\Middleware\TransformsRequest->handle()
#69 /var/www/jexactyl/vendor/laravel/framework/src/Illuminate/Pipeline/Pipeline.php(167): Illuminate\Foundation\Http\Middleware\ConvertEmptyStringsToNull->handle()
#70 /var/www/jexactyl/vendor/laravel/framework/src/Illuminate/Foundation/Http/Middleware/TrimStrings.php(36): Illuminate\Pipeline\Pipeline->Illuminate\Pipeline\{closure}()
#71 /var/www/jexactyl/vendor/laravel/framework/src/Illuminate/Pipeline/Pipeline.php(167): Illuminate\Foundation\Http\Middleware\TrimStrings->handle()
#72 /var/www/jexactyl/vendor/laravel/framework/src/Illuminate/Foundation/Http/Middleware/ValidatePostSize.php(27): Illuminate\Pipeline\Pipeline->Illuminate\Pipeline\{closure}()
#73 /var/www/jexactyl/vendor/laravel/framework/src/Illuminate/Pipeline/Pipeline.php(167): Illuminate\Foundation\Http\Middleware\ValidatePostSize->handle()
#74 /var/www/jexactyl/vendor/laravel/framework/src/Illuminate/Foundation/Http/Middleware/PreventRequestsDuringMaintenance.php(86): Illuminate\Pipeline\Pipeline->Illuminate\Pipeline\{closure}()
#75 /var/www/jexactyl/vendor/laravel/framework/src/Illuminate/Pipeline/Pipeline.php(167): Illuminate\Foundation\Http\Middleware\PreventRequestsDuringMaintenance->handle()
#76 /var/www/jexactyl/vendor/fruitcake/laravel-cors/src/HandleCors.php(52): Illuminate\Pipeline\Pipeline->Illuminate\Pipeline\{closure}()
#77 /var/www/jexactyl/vendor/laravel/framework/src/Illuminate/Pipeline/Pipeline.php(167): Fruitcake\Cors\HandleCors->handle()
#78 /var/www/jexactyl/vendor/laravel/framework/src/Illuminate/Http/Middleware/TrustProxies.php(39): Illuminate\Pipeline\Pipeline->Illuminate\Pipeline\{closure}()
#79 /var/www/jexactyl/vendor/laravel/framework/src/Illuminate/Pipeline/Pipeline.php(167): Illuminate\Http\Middleware\TrustProxies->handle()
#80 /var/www/jexactyl/vendor/laravel/framework/src/Illuminate/Pipeline/Pipeline.php(103): Illuminate\Pipeline\Pipeline->Illuminate\Pipeline\{closure}()
#81 /var/www/jexactyl/vendor/laravel/framework/src/Illuminate/Foundation/Http/Kernel.php(142): Illuminate\Pipeline\Pipeline->then()
#82 /var/www/jexactyl/vendor/laravel/framework/src/Illuminate/Foundation/Http/Kernel.php(111): Illuminate\Foundation\Http\Kernel->sendRequestThroughRouter()
#83 /var/www/jexactyl/public/index.php(68): Illuminate\Foundation\Http\Kernel->handle()
#84 {main} {"request_id":"879cd0db-0539-4511-8543-45d7cddb0247"} 
[2022-08-26 07:41:32] production.WARNING: GuzzleHttp\Exception\ClientException: Client error: `PUT https://sg1.bluedhost.tk:8080/api/servers/7a16983a-bbad-4805-ac76-66822393e0f4/files/rename` resulted in a `400 Bad Request` response:
{"error":"Cannot move or rename file, destination already exists."}
 in /var/www/jexactyl/vendor/guzzlehttp/guzzle/src/Exception/RequestException.php:113
Stack trace:
#0 /var/www/jexactyl/vendor/guzzlehttp/guzzle/src/Middleware.php(69): GuzzleHttp\Exception\RequestException::create()
#1 /var/www/jexactyl/vendor/guzzlehttp/promises/src/Promise.php(204): GuzzleHttp\Middleware::GuzzleHttp\{closure}()
#2 /var/www/jexactyl/vendor/guzzlehttp/promises/src/Promise.php(153): GuzzleHttp\Promise\Promise::callHandler()
#3 /var/www/jexactyl/vendor/guzzlehttp/promises/src/TaskQueue.php(48): GuzzleHttp\Promise\Promise::GuzzleHttp\Promise\{closure}()
#4 /var/www/jexactyl/vendor/guzzlehttp/promises/src/Promise.php(248): GuzzleHttp\Promise\TaskQueue->run()
#5 /var/www/jexactyl/vendor/guzzlehttp/promises/src/Promise.php(224): GuzzleHttp\Promise\Promise->invokeWaitFn()
#6 /var/www/jexactyl/vendor/guzzlehttp/promises/src/Promise.php(269): GuzzleHttp\Promise\Promise->waitIfPending()
#7 /var/www/jexactyl/vendor/guzzlehttp/promises/src/Promise.php(226): GuzzleHttp\Promise\Promise->invokeWaitList()
#8 /var/www/jexactyl/vendor/guzzlehttp/promises/src/Promise.php(62): GuzzleHttp\Promise\Promise->waitIfPending()
#9 /var/www/jexactyl/vendor/guzzlehttp/guzzle/src/Client.php(187): GuzzleHttp\Promise\Promise->wait()
#10 /var/www/jexactyl/vendor/guzzlehttp/guzzle/src/ClientTrait.php(78): GuzzleHttp\Client->request()
#11 /var/www/jexactyl/app/Repositories/Wings/DaemonFileRepository.php(132): GuzzleHttp\Client->put()
#12 /var/www/jexactyl/app/Http/Controllers/Api/Client/Servers/FileController.php(159): Pterodactyl\Repositories\Wings\DaemonFileRepository->renameFiles()
#13 /var/www/jexactyl/vendor/laravel/framework/src/Illuminate/Routing/Controller.php(54): Pterodactyl\Http\Controllers\Api\Client\Servers\FileController->rename()
#14 /var/www/jexactyl/vendor/laravel/framework/src/Illuminate/Routing/ControllerDispatcher.php(45): Illuminate\Routing\Controller->callAction()
#15 /var/www/jexactyl/vendor/laravel/framework/src/Illuminate/Routing/Route.php(262): Illuminate\Routing\ControllerDispatcher->dispatch()
#16 /var/www/jexactyl/vendor/laravel/framework/src/Illuminate/Routing/Route.php(205): Illuminate\Routing\Route->runController()
#17 /var/www/jexactyl/vendor/laravel/framework/src/Illuminate/Routing/Router.php(721): Illuminate\Routing\Route->run()
#18 /var/www/jexactyl/vendor/laravel/framework/src/Illuminate/Pipeline/Pipeline.php(128): Illuminate\Routing\Router->Illuminate\Routing\{closure}()
#19 /var/www/jexactyl/app/Http/Middleware/Api/Client/Server/ResourceBelongsToServer.php(88): Illuminate\Pipeline\Pipeline->Illuminate\Pipeline\{closure}()
#20 /var/www/jexactyl/vendor/laravel/framework/src/Illuminate/Pipeline/Pipeline.php(167): Pterodactyl\Http\Middleware\Api\Client\Server\ResourceBelongsToServer->handle()
#21 /var/www/jexactyl/app/Http/Middleware/Api/Client/Server/AuthenticateServerAccess.php(80): Illuminate\Pipeline\Pipeline->Illuminate\Pipeline\{closure}()
#22 /var/www/jexactyl/vendor/laravel/framework/src/Illuminate/Pipeline/Pipeline.php(167): Pterodactyl\Http\Middleware\Api\Client\Server\AuthenticateServerAccess->handle()
#23 /var/www/jexactyl/app/Http/Middleware/Activity/ServerSubject.php(28): Illuminate\Pipeline\Pipeline->Illuminate\Pipeline\{closure}()
#24 /var/www/jexactyl/vendor/laravel/framework/src/Illuminate/Pipeline/Pipeline.php(167): Pterodactyl\Http\Middleware\Activity\ServerSubject->handle()
#25 /var/www/jexactyl/vendor/laravel/framework/src/Illuminate/Routing/Middleware/ThrottleRequests.php(127): Illuminate\Pipeline\Pipeline->Illuminate\Pipeline\{closure}()
#26 /var/www/jexactyl/vendor/laravel/framework/src/Illuminate/Routing/Middleware/ThrottleRequests.php(103): Illuminate\Routing\Middleware\ThrottleRequests->handleRequest()
#27 /var/www/jexactyl/vendor/laravel/framework/src/Illuminate/Routing/Middleware/ThrottleRequests.php(55): Illuminate\Routing\Middleware\ThrottleRequests->handleRequestUsingNamedLimiter()
#28 /var/www/jexactyl/vendor/laravel/framework/src/Illuminate/Pipeline/Pipeline.php(167): Illuminate\Routing\Middleware\ThrottleRequests->handle()
#29 /var/www/jexactyl/app/Http/Middleware/Api/Client/RequireClientApiKey.php(25): Illuminate\Pipeline\Pipeline->Illuminate\Pipeline\{closure}()
#30 /var/www/jexactyl/vendor/laravel/framework/src/Illuminate/Pipeline/Pipeline.php(167): Pterodactyl\Http\Middleware\Api\Client\RequireClientApiKey->handle()
#31 /var/www/jexactyl/vendor/laravel/framework/src/Illuminate/Routing/Middleware/SubstituteBindings.php(50): Illuminate\Pipeline\Pipeline->Illuminate\Pipeline\{closure}()
#32 /var/www/jexactyl/app/Http/Middleware/Api/Client/SubstituteClientBindings.php(34): Illuminate\Routing\Middleware\SubstituteBindings->handle()
#33 /var/www/jexactyl/vendor/laravel/framework/src/Illuminate/Pipeline/Pipeline.php(167): Pterodactyl\Http\Middleware\Api\Client\SubstituteClientBindings->handle()
#34 /var/www/jexactyl/app/Http/Middleware/Api/AuthenticateIPAccess.php(33): Illuminate\Pipeline\Pipeline->Illuminate\Pipeline\{closure}()
#35 /var/www/jexactyl/vendor/laravel/framework/src/Illuminate/Pipeline/Pipeline.php(167): Pterodactyl\Http\Middleware\Api\AuthenticateIPAccess->handle()
#36 /var/www/jexactyl/app/Http/Middleware/RequireTwoFactorAuthentication.php(64): Illuminate\Pipeline\Pipeline->Illuminate\Pipeline\{closure}()
#37 /var/www/jexactyl/vendor/laravel/framework/src/Illuminate/Pipeline/Pipeline.php(167): Pterodactyl\Http\Middleware\RequireTwoFactorAuthentication->handle()
#38 /var/www/jexactyl/app/Http/Middleware/Activity/TrackAPIKey.php(28): Illuminate\Pipeline\Pipeline->Illuminate\Pipeline\{closure}()
#39 /var/www/jexactyl/vendor/laravel/framework/src/Illuminate/Pipeline/Pipeline.php(167): Pterodactyl\Http\Middleware\Activity\TrackAPIKey->handle()
#40 /var/www/jexactyl/app/Http/Middleware/Api/IsValidJson.php(29): Illuminate\Pipeline\Pipeline->Illuminate\Pipeline\{closure}()
#41 /var/www/jexactyl/vendor/laravel/framework/src/Illuminate/Pipeline/Pipeline.php(167): Pterodactyl\Http\Middleware\Api\IsValidJson->handle()
#42 /var/www/jexactyl/vendor/laravel/framework/src/Illuminate/Auth/Middleware/Authenticate.php(44): Illuminate\Pipeline\Pipeline->Illuminate\Pipeline\{closure}()
#43 /var/www/jexactyl/vendor/laravel/framework/src/Illuminate/Pipeline/Pipeline.php(167): Illuminate\Auth\Middleware\Authenticate->handle()
#44 /var/www/jexactyl/vendor/laravel/sanctum/src/Http/Middleware/EnsureFrontendRequestsAreStateful.php(33): Illuminate\Pipeline\Pipeline->Illuminate\Pipeline\{closure}()
#45 /var/www/jexactyl/vendor/laravel/framework/src/Illuminate/Pipeline/Pipeline.php(128): Laravel\Sanctum\Http\Middleware\EnsureFrontendRequestsAreStateful->Laravel\Sanctum\Http\Middleware\{closure}()
#46 /var/www/jexactyl/vendor/laravel/framework/src/Illuminate/Foundation/Http/Middleware/VerifyCsrfToken.php(78): Illuminate\Pipeline\Pipeline->Illuminate\Pipeline\{closure}()
#47 /var/www/jexactyl/vendor/laravel/framework/src/Illuminate/Pipeline/Pipeline.php(167): Illuminate\Foundation\Http\Middleware\VerifyCsrfToken->handle()
#48 /var/www/jexactyl/vendor/laravel/framework/src/Illuminate/Session/Middleware/StartSession.php(121): Illuminate\Pipeline\Pipeline->Illuminate\Pipeline\{closure}()
#49 /var/www/jexactyl/vendor/laravel/framework/src/Illuminate/Session/Middleware/StartSession.php(64): Illuminate\Session\Middleware\StartSession->handleStatefulRequest()
#50 /var/www/jexactyl/vendor/laravel/framework/src/Illuminate/Pipeline/Pipeline.php(167): Illuminate\Session\Middleware\StartSession->handle()
#51 /var/www/jexactyl/vendor/laravel/framework/src/Illuminate/Cookie/Middleware/AddQueuedCookiesToResponse.php(37): Illuminate\Pipeline\Pipeline->Illuminate\Pipeline\{closure}()
#52 /var/www/jexactyl/vendor/laravel/framework/src/Illuminate/Pipeline/Pipeline.php(167): Illuminate\Cookie\Middleware\AddQueuedCookiesToResponse->handle()
#53 /var/www/jexactyl/vendor/laravel/framework/src/Illuminate/Cookie/Middleware/EncryptCookies.php(67): Illuminate\Pipeline\Pipeline->Illuminate\Pipeline\{closure}()
#54 /var/www/jexactyl/vendor/laravel/framework/src/Illuminate/Pipeline/Pipeline.php(167): Illuminate\Cookie\Middleware\EncryptCookies->handle()
#55 /var/www/jexactyl/vendor/laravel/sanctum/src/Http/Middleware/EnsureFrontendRequestsAreStateful.php(26): Illuminate\Pipeline\Pipeline->Illuminate\Pipeline\{closure}()
#56 /var/www/jexactyl/vendor/laravel/framework/src/Illuminate/Pipeline/Pipeline.php(149): Laravel\Sanctum\Http\Middleware\EnsureFrontendRequestsAreStateful->Laravel\Sanctum\Http\Middleware\{closure}()
#57 /var/www/jexactyl/vendor/laravel/framework/src/Illuminate/Pipeline/Pipeline.php(103): Illuminate\Pipeline\Pipeline->Illuminate\Pipeline\{closure}()
#58 /var/www/jexactyl/vendor/laravel/sanctum/src/Http/Middleware/EnsureFrontendRequestsAreStateful.php(34): Illuminate\Pipeline\Pipeline->then()
#59 /var/www/jexactyl/vendor/laravel/framework/src/Illuminate/Pipeline/Pipeline.php(167): Laravel\Sanctum\Http\Middleware\EnsureFrontendRequestsAreStateful->handle()
#60 /var/www/jexactyl/vendor/laravel/framework/src/Illuminate/Pipeline/Pipeline.php(103): Illuminate\Pipeline\Pipeline->Illuminate\Pipeline\{closure}()
#61 /var/www/jexactyl/vendor/laravel/framework/src/Illuminate/Routing/Router.php(723): Illuminate\Pipeline\Pipeline->then()
#62 /var/www/jexactyl/vendor/laravel/framework/src/Illuminate/Routing/Router.php(698): Illuminate\Routing\Router->runRouteWithinStack()
#63 /var/www/jexactyl/vendor/laravel/framework/src/Illuminate/Routing/Router.php(662): Illuminate\Routing\Router->runRoute()
#64 /var/www/jexactyl/vendor/laravel/framework/src/Illuminate/Routing/Router.php(651): Illuminate\Routing\Router->dispatchToRoute()
#65 /var/www/jexactyl/vendor/laravel/framework/src/Illuminate/Foundation/Http/Kernel.php(167): Illuminate\Routing\Router->dispatch()
#66 /var/www/jexactyl/vendor/laravel/framework/src/Illuminate/Pipeline/Pipeline.php(128): Illuminate\Foundation\Http\Kernel->Illuminate\Foundation\Http\{closure}()
#67 /var/www/jexactyl/vendor/laravel/framework/src/Illuminate/Foundation/Http/Middleware/TransformsRequest.php(21): Illuminate\Pipeline\Pipeline->Illuminate\Pipeline\{closure}()
#68 /var/www/jexactyl/vendor/laravel/framework/src/Illuminate/Foundation/Http/Middleware/ConvertEmptyStringsToNull.php(31): Illuminate\Foundation\Http\Middleware\TransformsRequest->handle()
#69 /var/www/jexactyl/vendor/laravel/framework/src/Illuminate/Pipeline/Pipeline.php(167): Illuminate\Foundation\Http\Middleware\ConvertEmptyStringsToNull->handle()
#70 /var/www/jexactyl/vendor/laravel/framework/src/Illuminate/Foundation/Http/Middleware/TrimStrings.php(36): Illuminate\Pipeline\Pipeline->Illuminate\Pipeline\{closure}()
#71 /var/www/jexactyl/vendor/laravel/framework/src/Illuminate/Pipeline/Pipeline.php(167): Illuminate\Foundation\Http\Middleware\TrimStrings->handle()
#72 /var/www/jexactyl/vendor/laravel/framework/src/Illuminate/Foundation/Http/Middleware/ValidatePostSize.php(27): Illuminate\Pipeline\Pipeline->Illuminate\Pipeline\{closure}()
#73 /var/www/jexactyl/vendor/laravel/framework/src/Illuminate/Pipeline/Pipeline.php(167): Illuminate\Foundation\Http\Middleware\ValidatePostSize->handle()
#74 /var/www/jexactyl/vendor/laravel/framework/src/Illuminate/Foundation/Http/Middleware/PreventRequestsDuringMaintenance.php(86): Illuminate\Pipeline\Pipeline->Illuminate\Pipeline\{closure}()
#75 /var/www/jexactyl/vendor/laravel/framework/src/Illuminate/Pipeline/Pipeline.php(167): Illuminate\Foundation\Http\Middleware\PreventRequestsDuringMaintenance->handle()
#76 /var/www/jexactyl/vendor/fruitcake/laravel-cors/src/HandleCors.php(52): Illuminate\Pipeline\Pipeline->Illuminate\Pipeline\{closure}()
#77 /var/www/jexactyl/vendor/laravel/framework/src/Illuminate/Pipeline/Pipeline.php(167): Fruitcake\Cors\HandleCors->handle()
#78 /var/www/jexactyl/vendor/laravel/framework/src/Illuminate/Http/Middleware/TrustProxies.php(39): Illuminate\Pipeline\Pipeline->Illuminate\Pipeline\{closure}()
#79 /var/www/jexactyl/vendor/laravel/framework/src/Illuminate/Pipeline/Pipeline.php(167): Illuminate\Http\Middleware\TrustProxies->handle()
#80 /var/www/jexactyl/vendor/laravel/framework/src/Illuminate/Pipeline/Pipeline.php(103): Illuminate\Pipeline\Pipeline->Illuminate\Pipeline\{closure}()
#81 /var/www/jexactyl/vendor/laravel/framework/src/Illuminate/Foundation/Http/Kernel.php(142): Illuminate\Pipeline\Pipeline->then()
#82 /var/www/jexactyl/vendor/laravel/framework/src/Illuminate/Foundation/Http/Kernel.php(111): Illuminate\Foundation\Http\Kernel->sendRequestThroughRouter()
#83 /var/www/jexactyl/public/index.php(68): Illuminate\Foundation\Http\Kernel->handle()
#84 {main} {"request_id":"40e1a3ee-1bae-480e-8be5-e3615690e8e8"} 
[2022-08-26 07:46:43] production.WARNING: GuzzleHttp\Exception\ClientException: Client error: `PUT https://sg1.bluedhost.tk:8080/api/servers/7a16983a-bbad-4805-ac76-66822393e0f4/files/rename` resulted in a `400 Bad Request` response:
{"error":"Cannot move or rename file, destination already exists."}
 in /var/www/jexactyl/vendor/guzzlehttp/guzzle/src/Exception/RequestException.php:113
Stack trace:
#0 /var/www/jexactyl/vendor/guzzlehttp/guzzle/src/Middleware.php(69): GuzzleHttp\Exception\RequestException::create()
#1 /var/www/jexactyl/vendor/guzzlehttp/promises/src/Promise.php(204): GuzzleHttp\Middleware::GuzzleHttp\{closure}()
#2 /var/www/jexactyl/vendor/guzzlehttp/promises/src/Promise.php(153): GuzzleHttp\Promise\Promise::callHandler()
#3 /var/www/jexactyl/vendor/guzzlehttp/promises/src/TaskQueue.php(48): GuzzleHttp\Promise\Promise::GuzzleHttp\Promise\{closure}()
#4 /var/www/jexactyl/vendor/guzzlehttp/promises/src/Promise.php(248): GuzzleHttp\Promise\TaskQueue->run()
#5 /var/www/jexactyl/vendor/guzzlehttp/promises/src/Promise.php(224): GuzzleHttp\Promise\Promise->invokeWaitFn()
#6 /var/www/jexactyl/vendor/guzzlehttp/promises/src/Promise.php(269): GuzzleHttp\Promise\Promise->waitIfPending()
#7 /var/www/jexactyl/vendor/guzzlehttp/promises/src/Promise.php(226): GuzzleHttp\Promise\Promise->invokeWaitList()
#8 /var/www/jexactyl/vendor/guzzlehttp/promises/src/Promise.php(62): GuzzleHttp\Promise\Promise->waitIfPending()
#9 /var/www/jexactyl/vendor/guzzlehttp/guzzle/src/Client.php(187): GuzzleHttp\Promise\Promise->wait()
#10 /var/www/jexactyl/vendor/guzzlehttp/guzzle/src/ClientTrait.php(78): GuzzleHttp\Client->request()
#11 /var/www/jexactyl/app/Repositories/Wings/DaemonFileRepository.php(132): GuzzleHttp\Client->put()
#12 /var/www/jexactyl/app/Http/Controllers/Api/Client/Servers/FileController.php(159): Pterodactyl\Repositories\Wings\DaemonFileRepository->renameFiles()
#13 /var/www/jexactyl/vendor/laravel/framework/src/Illuminate/Routing/Controller.php(54): Pterodactyl\Http\Controllers\Api\Client\Servers\FileController->rename()
#14 /var/www/jexactyl/vendor/laravel/framework/src/Illuminate/Routing/ControllerDispatcher.php(45): Illuminate\Routing\Controller->callAction()
#15 /var/www/jexactyl/vendor/laravel/framework/src/Illuminate/Routing/Route.php(262): Illuminate\Routing\ControllerDispatcher->dispatch()
#16 /var/www/jexactyl/vendor/laravel/framework/src/Illuminate/Routing/Route.php(205): Illuminate\Routing\Route->runController()
#17 /var/www/jexactyl/vendor/laravel/framework/src/Illuminate/Routing/Router.php(721): Illuminate\Routing\Route->run()
#18 /var/www/jexactyl/vendor/laravel/framework/src/Illuminate/Pipeline/Pipeline.php(128): Illuminate\Routing\Router->Illuminate\Routing\{closure}()
#19 /var/www/jexactyl/app/Http/Middleware/Api/Client/Server/ResourceBelongsToServer.php(88): Illuminate\Pipeline\Pipeline->Illuminate\Pipeline\{closure}()
#20 /var/www/jexactyl/vendor/laravel/framework/src/Illuminate/Pipeline/Pipeline.php(167): Pterodactyl\Http\Middleware\Api\Client\Server\ResourceBelongsToServer->handle()
#21 /var/www/jexactyl/app/Http/Middleware/Api/Client/Server/AuthenticateServerAccess.php(80): Illuminate\Pipeline\Pipeline->Illuminate\Pipeline\{closure}()
#22 /var/www/jexactyl/vendor/laravel/framework/src/Illuminate/Pipeline/Pipeline.php(167): Pterodactyl\Http\Middleware\Api\Client\Server\AuthenticateServerAccess->handle()
#23 /var/www/jexactyl/app/Http/Middleware/Activity/ServerSubject.php(28): Illuminate\Pipeline\Pipeline->Illuminate\Pipeline\{closure}()
#24 /var/www/jexactyl/vendor/laravel/framework/src/Illuminate/Pipeline/Pipeline.php(167): Pterodactyl\Http\Middleware\Activity\ServerSubject->handle()
#25 /var/www/jexactyl/vendor/laravel/framework/src/Illuminate/Routing/Middleware/ThrottleRequests.php(127): Illuminate\Pipeline\Pipeline->Illuminate\Pipeline\{closure}()
#26 /var/www/jexactyl/vendor/laravel/framework/src/Illuminate/Routing/Middleware/ThrottleRequests.php(103): Illuminate\Routing\Middleware\ThrottleRequests->handleRequest()
#27 /var/www/jexactyl/vendor/laravel/framework/src/Illuminate/Routing/Middleware/ThrottleRequests.php(55): Illuminate\Routing\Middleware\ThrottleRequests->handleRequestUsingNamedLimiter()
#28 /var/www/jexactyl/vendor/laravel/framework/src/Illuminate/Pipeline/Pipeline.php(167): Illuminate\Routing\Middleware\ThrottleRequests->handle()
#29 /var/www/jexactyl/app/Http/Middleware/Api/Client/RequireClientApiKey.php(25): Illuminate\Pipeline\Pipeline->Illuminate\Pipeline\{closure}()
#30 /var/www/jexactyl/vendor/laravel/framework/src/Illuminate/Pipeline/Pipeline.php(167): Pterodactyl\Http\Middleware\Api\Client\RequireClientApiKey->handle()
#31 /var/www/jexactyl/vendor/laravel/framework/src/Illuminate/Routing/Middleware/SubstituteBindings.php(50): Illuminate\Pipeline\Pipeline->Illuminate\Pipeline\{closure}()
#32 /var/www/jexactyl/app/Http/Middleware/Api/Client/SubstituteClientBindings.php(34): Illuminate\Routing\Middleware\SubstituteBindings->handle()
#33 /var/www/jexactyl/vendor/laravel/framework/src/Illuminate/Pipeline/Pipeline.php(167): Pterodactyl\Http\Middleware\Api\Client\SubstituteClientBindings->handle()
#34 /var/www/jexactyl/app/Http/Middleware/Api/AuthenticateIPAccess.php(33): Illuminate\Pipeline\Pipeline->Illuminate\Pipeline\{closure}()
#35 /var/www/jexactyl/vendor/laravel/framework/src/Illuminate/Pipeline/Pipeline.php(167): Pterodactyl\Http\Middleware\Api\AuthenticateIPAccess->handle()
#36 /var/www/jexactyl/app/Http/Middleware/RequireTwoFactorAuthentication.php(64): Illuminate\Pipeline\Pipeline->Illuminate\Pipeline\{closure}()
#37 /var/www/jexactyl/vendor/laravel/framework/src/Illuminate/Pipeline/Pipeline.php(167): Pterodactyl\Http\Middleware\RequireTwoFactorAuthentication->handle()
#38 /var/www/jexactyl/app/Http/Middleware/Activity/TrackAPIKey.php(28): Illuminate\Pipeline\Pipeline->Illuminate\Pipeline\{closure}()
#39 /var/www/jexactyl/vendor/laravel/framework/src/Illuminate/Pipeline/Pipeline.php(167): Pterodactyl\Http\Middleware\Activity\TrackAPIKey->handle()
#40 /var/www/jexactyl/app/Http/Middleware/Api/IsValidJson.php(29): Illuminate\Pipeline\Pipeline->Illuminate\Pipeline\{closure}()
#41 /var/www/jexactyl/vendor/laravel/framework/src/Illuminate/Pipeline/Pipeline.php(167): Pterodactyl\Http\Middleware\Api\IsValidJson->handle()
#42 /var/www/jexactyl/vendor/laravel/framework/src/Illuminate/Auth/Middleware/Authenticate.php(44): Illuminate\Pipeline\Pipeline->Illuminate\Pipeline\{closure}()
#43 /var/www/jexactyl/vendor/laravel/framework/src/Illuminate/Pipeline/Pipeline.php(167): Illuminate\Auth\Middleware\Authenticate->handle()
#44 /var/www/jexactyl/vendor/laravel/sanctum/src/Http/Middleware/EnsureFrontendRequestsAreStateful.php(33): Illuminate\Pipeline\Pipeline->Illuminate\Pipeline\{closure}()
#45 /var/www/jexactyl/vendor/laravel/framework/src/Illuminate/Pipeline/Pipeline.php(128): Laravel\Sanctum\Http\Middleware\EnsureFrontendRequestsAreStateful->Laravel\Sanctum\Http\Middleware\{closure}()
#46 /var/www/jexactyl/vendor/laravel/framework/src/Illuminate/Foundation/Http/Middleware/VerifyCsrfToken.php(78): Illuminate\Pipeline\Pipeline->Illuminate\Pipeline\{closure}()
#47 /var/www/jexactyl/vendor/laravel/framework/src/Illuminate/Pipeline/Pipeline.php(167): Illuminate\Foundation\Http\Middleware\VerifyCsrfToken->handle()
#48 /var/www/jexactyl/vendor/laravel/framework/src/Illuminate/Session/Middleware/StartSession.php(121): Illuminate\Pipeline\Pipeline->Illuminate\Pipeline\{closure}()
#49 /var/www/jexactyl/vendor/laravel/framework/src/Illuminate/Session/Middleware/StartSession.php(64): Illuminate\Session\Middleware\StartSession->handleStatefulRequest()
#50 /var/www/jexactyl/vendor/laravel/framework/src/Illuminate/Pipeline/Pipeline.php(167): Illuminate\Session\Middleware\StartSession->handle()
#51 /var/www/jexactyl/vendor/laravel/framework/src/Illuminate/Cookie/Middleware/AddQueuedCookiesToResponse.php(37): Illuminate\Pipeline\Pipeline->Illuminate\Pipeline\{closure}()
#52 /var/www/jexactyl/vendor/laravel/framework/src/Illuminate/Pipeline/Pipeline.php(167): Illuminate\Cookie\Middleware\AddQueuedCookiesToResponse->handle()
#53 /var/www/jexactyl/vendor/laravel/framework/src/Illuminate/Cookie/Middleware/EncryptCookies.php(67): Illuminate\Pipeline\Pipeline->Illuminate\Pipeline\{closure}()
#54 /var/www/jexactyl/vendor/laravel/framework/src/Illuminate/Pipeline/Pipeline.php(167): Illuminate\Cookie\Middleware\EncryptCookies->handle()
#55 /var/www/jexactyl/vendor/laravel/sanctum/src/Http/Middleware/EnsureFrontendRequestsAreStateful.php(26): Illuminate\Pipeline\Pipeline->Illuminate\Pipeline\{closure}()
#56 /var/www/jexactyl/vendor/laravel/framework/src/Illuminate/Pipeline/Pipeline.php(149): Laravel\Sanctum\Http\Middleware\EnsureFrontendRequestsAreStateful->Laravel\Sanctum\Http\Middleware\{closure}()
#57 /var/www/jexactyl/vendor/laravel/framework/src/Illuminate/Pipeline/Pipeline.php(103): Illuminate\Pipeline\Pipeline->Illuminate\Pipeline\{closure}()
#58 /var/www/jexactyl/vendor/laravel/sanctum/src/Http/Middleware/EnsureFrontendRequestsAreStateful.php(34): Illuminate\Pipeline\Pipeline->then()
#59 /var/www/jexactyl/vendor/laravel/framework/src/Illuminate/Pipeline/Pipeline.php(167): Laravel\Sanctum\Http\Middleware\EnsureFrontendRequestsAreStateful->handle()
#60 /var/www/jexactyl/vendor/laravel/framework/src/Illuminate/Pipeline/Pipeline.php(103): Illuminate\Pipeline\Pipeline->Illuminate\Pipeline\{closure}()
#61 /var/www/jexactyl/vendor/laravel/framework/src/Illuminate/Routing/Router.php(723): Illuminate\Pipeline\Pipeline->then()
#62 /var/www/jexactyl/vendor/laravel/framework/src/Illuminate/Routing/Router.php(698): Illuminate\Routing\Router->runRouteWithinStack()
#63 /var/www/jexactyl/vendor/laravel/framework/src/Illuminate/Routing/Router.php(662): Illuminate\Routing\Router->runRoute()
#64 /var/www/jexactyl/vendor/laravel/framework/src/Illuminate/Routing/Router.php(651): Illuminate\Routing\Router->dispatchToRoute()
#65 /var/www/jexactyl/vendor/laravel/framework/src/Illuminate/Foundation/Http/Kernel.php(167): Illuminate\Routing\Router->dispatch()
#66 /var/www/jexactyl/vendor/laravel/framework/src/Illuminate/Pipeline/Pipeline.php(128): Illuminate\Foundation\Http\Kernel->Illuminate\Foundation\Http\{closure}()
#67 /var/www/jexactyl/vendor/laravel/framework/src/Illuminate/Foundation/Http/Middleware/TransformsRequest.php(21): Illuminate\Pipeline\Pipeline->Illuminate\Pipeline\{closure}()
#68 /var/www/jexactyl/vendor/laravel/framework/src/Illuminate/Foundation/Http/Middleware/ConvertEmptyStringsToNull.php(31): Illuminate\Foundation\Http\Middleware\TransformsRequest->handle()
#69 /var/www/jexactyl/vendor/laravel/framework/src/Illuminate/Pipeline/Pipeline.php(167): Illuminate\Foundation\Http\Middleware\ConvertEmptyStringsToNull->handle()
#70 /var/www/jexactyl/vendor/laravel/framework/src/Illuminate/Foundation/Http/Middleware/TrimStrings.php(36): Illuminate\Pipeline\Pipeline->Illuminate\Pipeline\{closure}()
#71 /var/www/jexactyl/vendor/laravel/framework/src/Illuminate/Pipeline/Pipeline.php(167): Illuminate\Foundation\Http\Middleware\TrimStrings->handle()
#72 /var/www/jexactyl/vendor/laravel/framework/src/Illuminate/Foundation/Http/Middleware/ValidatePostSize.php(27): Illuminate\Pipeline\Pipeline->Illuminate\Pipeline\{closure}()
#73 /var/www/jexactyl/vendor/laravel/framework/src/Illuminate/Pipeline/Pipeline.php(167): Illuminate\Foundation\Http\Middleware\ValidatePostSize->handle()
#74 /var/www/jexactyl/vendor/laravel/framework/src/Illuminate/Foundation/Http/Middleware/PreventRequestsDuringMaintenance.php(86): Illuminate\Pipeline\Pipeline->Illuminate\Pipeline\{closure}()
#75 /var/www/jexactyl/vendor/laravel/framework/src/Illuminate/Pipeline/Pipeline.php(167): Illuminate\Foundation\Http\Middleware\PreventRequestsDuringMaintenance->handle()
#76 /var/www/jexactyl/vendor/fruitcake/laravel-cors/src/HandleCors.php(52): Illuminate\Pipeline\Pipeline->Illuminate\Pipeline\{closure}()
#77 /var/www/jexactyl/vendor/laravel/framework/src/Illuminate/Pipeline/Pipeline.php(167): Fruitcake\Cors\HandleCors->handle()
#78 /var/www/jexactyl/vendor/laravel/framework/src/Illuminate/Http/Middleware/TrustProxies.php(39): Illuminate\Pipeline\Pipeline->Illuminate\Pipeline\{closure}()
#79 /var/www/jexactyl/vendor/laravel/framework/src/Illuminate/Pipeline/Pipeline.php(167): Illuminate\Http\Middleware\TrustProxies->handle()
#80 /var/www/jexactyl/vendor/laravel/framework/src/Illuminate/Pipeline/Pipeline.php(103): Illuminate\Pipeline\Pipeline->Illuminate\Pipeline\{closure}()
#81 /var/www/jexactyl/vendor/laravel/framework/src/Illuminate/Foundation/Http/Kernel.php(142): Illuminate\Pipeline\Pipeline->then()
#82 /var/www/jexactyl/vendor/laravel/framework/src/Illuminate/Foundation/Http/Kernel.php(111): Illuminate\Foundation\Http\Kernel->sendRequestThroughRouter()
#83 /var/www/jexactyl/public/index.php(68): Illuminate\Foundation\Http\Kernel->handle()
#84 {main} {"request_id":"de39a547-b5b3-4ac0-bddb-990bcf7d73f6"} 
[2022-08-26 07:56:42] production.WARNING: GuzzleHttp\Exception\ClientException: Client error: `PUT https://sg1.bluedhost.tk:8080/api/servers/7a16983a-bbad-4805-ac76-66822393e0f4/files/rename` resulted in a `400 Bad Request` response:
{"error":"Cannot move or rename file, destination already exists."}
 in /var/www/jexactyl/vendor/guzzlehttp/guzzle/src/Exception/RequestException.php:113
Stack trace:
#0 /var/www/jexactyl/vendor/guzzlehttp/guzzle/src/Middleware.php(69): GuzzleHttp\Exception\RequestException::create()
#1 /var/www/jexactyl/vendor/guzzlehttp/promises/src/Promise.php(204): GuzzleHttp\Middleware::GuzzleHttp\{closure}()
#2 /var/www/jexactyl/vendor/guzzlehttp/promises/src/Promise.php(153): GuzzleHttp\Promise\Promise::callHandler()
#3 /var/www/jexactyl/vendor/guzzlehttp/promises/src/TaskQueue.php(48): GuzzleHttp\Promise\Promise::GuzzleHttp\Promise\{closure}()
#4 /var/www/jexactyl/vendor/guzzlehttp/promises/src/Promise.php(248): GuzzleHttp\Promise\TaskQueue->run()
#5 /var/www/jexactyl/vendor/guzzlehttp/promises/src/Promise.php(224): GuzzleHttp\Promise\Promise->invokeWaitFn()
#6 /var/www/jexactyl/vendor/guzzlehttp/promises/src/Promise.php(269): GuzzleHttp\Promise\Promise->waitIfPending()
#7 /var/www/jexactyl/vendor/guzzlehttp/promises/src/Promise.php(226): GuzzleHttp\Promise\Promise->invokeWaitList()
#8 /var/www/jexactyl/vendor/guzzlehttp/promises/src/Promise.php(62): GuzzleHttp\Promise\Promise->waitIfPending()
#9 /var/www/jexactyl/vendor/guzzlehttp/guzzle/src/Client.php(187): GuzzleHttp\Promise\Promise->wait()
#10 /var/www/jexactyl/vendor/guzzlehttp/guzzle/src/ClientTrait.php(78): GuzzleHttp\Client->request()
#11 /var/www/jexactyl/app/Repositories/Wings/DaemonFileRepository.php(132): GuzzleHttp\Client->put()
#12 /var/www/jexactyl/app/Http/Controllers/Api/Client/Servers/FileController.php(159): Pterodactyl\Repositories\Wings\DaemonFileRepository->renameFiles()
#13 /var/www/jexactyl/vendor/laravel/framework/src/Illuminate/Routing/Controller.php(54): Pterodactyl\Http\Controllers\Api\Client\Servers\FileController->rename()
#14 /var/www/jexactyl/vendor/laravel/framework/src/Illuminate/Routing/ControllerDispatcher.php(45): Illuminate\Routing\Controller->callAction()
#15 /var/www/jexactyl/vendor/laravel/framework/src/Illuminate/Routing/Route.php(262): Illuminate\Routing\ControllerDispatcher->dispatch()
#16 /var/www/jexactyl/vendor/laravel/framework/src/Illuminate/Routing/Route.php(205): Illuminate\Routing\Route->runController()
#17 /var/www/jexactyl/vendor/laravel/framework/src/Illuminate/Routing/Router.php(721): Illuminate\Routing\Route->run()
#18 /var/www/jexactyl/vendor/laravel/framework/src/Illuminate/Pipeline/Pipeline.php(128): Illuminate\Routing\Router->Illuminate\Routing\{closure}()
#19 /var/www/jexactyl/app/Http/Middleware/Api/Client/Server/ResourceBelongsToServer.php(88): Illuminate\Pipeline\Pipeline->Illuminate\Pipeline\{closure}()
#20 /var/www/jexactyl/vendor/laravel/framework/src/Illuminate/Pipeline/Pipeline.php(167): Pterodactyl\Http\Middleware\Api\Client\Server\ResourceBelongsToServer->handle()
#21 /var/www/jexactyl/app/Http/Middleware/Api/Client/Server/AuthenticateServerAccess.php(80): Illuminate\Pipeline\Pipeline->Illuminate\Pipeline\{closure}()
#22 /var/www/jexactyl/vendor/laravel/framework/src/Illuminate/Pipeline/Pipeline.php(167): Pterodactyl\Http\Middleware\Api\Client\Server\AuthenticateServerAccess->handle()
#23 /var/www/jexactyl/app/Http/Middleware/Activity/ServerSubject.php(28): Illuminate\Pipeline\Pipeline->Illuminate\Pipeline\{closure}()
#24 /var/www/jexactyl/vendor/laravel/framework/src/Illuminate/Pipeline/Pipeline.php(167): Pterodactyl\Http\Middleware\Activity\ServerSubject->handle()
#25 /var/www/jexactyl/vendor/laravel/framework/src/Illuminate/Routing/Middleware/ThrottleRequests.php(127): Illuminate\Pipeline\Pipeline->Illuminate\Pipeline\{closure}()
#26 /var/www/jexactyl/vendor/laravel/framework/src/Illuminate/Routing/Middleware/ThrottleRequests.php(103): Illuminate\Routing\Middleware\ThrottleRequests->handleRequest()
#27 /var/www/jexactyl/vendor/laravel/framework/src/Illuminate/Routing/Middleware/ThrottleRequests.php(55): Illuminate\Routing\Middleware\ThrottleRequests->handleRequestUsingNamedLimiter()
#28 /var/www/jexactyl/vendor/laravel/framework/src/Illuminate/Pipeline/Pipeline.php(167): Illuminate\Routing\Middleware\ThrottleRequests->handle()
#29 /var/www/jexactyl/app/Http/Middleware/Api/Client/RequireClientApiKey.php(25): Illuminate\Pipeline\Pipeline->Illuminate\Pipeline\{closure}()
#30 /var/www/jexactyl/vendor/laravel/framework/src/Illuminate/Pipeline/Pipeline.php(167): Pterodactyl\Http\Middleware\Api\Client\RequireClientApiKey->handle()
#31 /var/www/jexactyl/vendor/laravel/framework/src/Illuminate/Routing/Middleware/SubstituteBindings.php(50): Illuminate\Pipeline\Pipeline->Illuminate\Pipeline\{closure}()
#32 /var/www/jexactyl/app/Http/Middleware/Api/Client/SubstituteClientBindings.php(34): Illuminate\Routing\Middleware\SubstituteBindings->handle()
#33 /var/www/jexactyl/vendor/laravel/framework/src/Illuminate/Pipeline/Pipeline.php(167): Pterodactyl\Http\Middleware\Api\Client\SubstituteClientBindings->handle()
#34 /var/www/jexactyl/app/Http/Middleware/Api/AuthenticateIPAccess.php(33): Illuminate\Pipeline\Pipeline->Illuminate\Pipeline\{closure}()
#35 /var/www/jexactyl/vendor/laravel/framework/src/Illuminate/Pipeline/Pipeline.php(167): Pterodactyl\Http\Middleware\Api\AuthenticateIPAccess->handle()
#36 /var/www/jexactyl/app/Http/Middleware/RequireTwoFactorAuthentication.php(64): Illuminate\Pipeline\Pipeline->Illuminate\Pipeline\{closure}()
#37 /var/www/jexactyl/vendor/laravel/framework/src/Illuminate/Pipeline/Pipeline.php(167): Pterodactyl\Http\Middleware\RequireTwoFactorAuthentication->handle()
#38 /var/www/jexactyl/app/Http/Middleware/Activity/TrackAPIKey.php(28): Illuminate\Pipeline\Pipeline->Illuminate\Pipeline\{closure}()
#39 /var/www/jexactyl/vendor/laravel/framework/src/Illuminate/Pipeline/Pipeline.php(167): Pterodactyl\Http\Middleware\Activity\TrackAPIKey->handle()
#40 /var/www/jexactyl/app/Http/Middleware/Api/IsValidJson.php(29): Illuminate\Pipeline\Pipeline->Illuminate\Pipeline\{closure}()
#41 /var/www/jexactyl/vendor/laravel/framework/src/Illuminate/Pipeline/Pipeline.php(167): Pterodactyl\Http\Middleware\Api\IsValidJson->handle()
#42 /var/www/jexactyl/vendor/laravel/framework/src/Illuminate/Auth/Middleware/Authenticate.php(44): Illuminate\Pipeline\Pipeline->Illuminate\Pipeline\{closure}()
#43 /var/www/jexactyl/vendor/laravel/framework/src/Illuminate/Pipeline/Pipeline.php(167): Illuminate\Auth\Middleware\Authenticate->handle()
#44 /var/www/jexactyl/vendor/laravel/sanctum/src/Http/Middleware/EnsureFrontendRequestsAreStateful.php(33): Illuminate\Pipeline\Pipeline->Illuminate\Pipeline\{closure}()
#45 /var/www/jexactyl/vendor/laravel/framework/src/Illuminate/Pipeline/Pipeline.php(128): Laravel\Sanctum\Http\Middleware\EnsureFrontendRequestsAreStateful->Laravel\Sanctum\Http\Middleware\{closure}()
#46 /var/www/jexactyl/vendor/laravel/framework/src/Illuminate/Foundation/Http/Middleware/VerifyCsrfToken.php(78): Illuminate\Pipeline\Pipeline->Illuminate\Pipeline\{closure}()
#47 /var/www/jexactyl/vendor/laravel/framework/src/Illuminate/Pipeline/Pipeline.php(167): Illuminate\Foundation\Http\Middleware\VerifyCsrfToken->handle()
#48 /var/www/jexactyl/vendor/laravel/framework/src/Illuminate/Session/Middleware/StartSession.php(121): Illuminate\Pipeline\Pipeline->Illuminate\Pipeline\{closure}()
#49 /var/www/jexactyl/vendor/laravel/framework/src/Illuminate/Session/Middleware/StartSession.php(64): Illuminate\Session\Middleware\StartSession->handleStatefulRequest()
#50 /var/www/jexactyl/vendor/laravel/framework/src/Illuminate/Pipeline/Pipeline.php(167): Illuminate\Session\Middleware\StartSession->handle()
#51 /var/www/jexactyl/vendor/laravel/framework/src/Illuminate/Cookie/Middleware/AddQueuedCookiesToResponse.php(37): Illuminate\Pipeline\Pipeline->Illuminate\Pipeline\{closure}()
#52 /var/www/jexactyl/vendor/laravel/framework/src/Illuminate/Pipeline/Pipeline.php(167): Illuminate\Cookie\Middleware\AddQueuedCookiesToResponse->handle()
#53 /var/www/jexactyl/vendor/laravel/framework/src/Illuminate/Cookie/Middleware/EncryptCookies.php(67): Illuminate\Pipeline\Pipeline->Illuminate\Pipeline\{closure}()
#54 /var/www/jexactyl/vendor/laravel/framework/src/Illuminate/Pipeline/Pipeline.php(167): Illuminate\Cookie\Middleware\EncryptCookies->handle()
#55 /var/www/jexactyl/vendor/laravel/sanctum/src/Http/Middleware/EnsureFrontendRequestsAreStateful.php(26): Illuminate\Pipeline\Pipeline->Illuminate\Pipeline\{closure}()
#56 /var/www/jexactyl/vendor/laravel/framework/src/Illuminate/Pipeline/Pipeline.php(149): Laravel\Sanctum\Http\Middleware\EnsureFrontendRequestsAreStateful->Laravel\Sanctum\Http\Middleware\{closure}()
#57 /var/www/jexactyl/vendor/laravel/framework/src/Illuminate/Pipeline/Pipeline.php(103): Illuminate\Pipeline\Pipeline->Illuminate\Pipeline\{closure}()
#58 /var/www/jexactyl/vendor/laravel/sanctum/src/Http/Middleware/EnsureFrontendRequestsAreStateful.php(34): Illuminate\Pipeline\Pipeline->then()
#59 /var/www/jexactyl/vendor/laravel/framework/src/Illuminate/Pipeline/Pipeline.php(167): Laravel\Sanctum\Http\Middleware\EnsureFrontendRequestsAreStateful->handle()
#60 /var/www/jexactyl/vendor/laravel/framework/src/Illuminate/Pipeline/Pipeline.php(103): Illuminate\Pipeline\Pipeline->Illuminate\Pipeline\{closure}()
#61 /var/www/jexactyl/vendor/laravel/framework/src/Illuminate/Routing/Router.php(723): Illuminate\Pipeline\Pipeline->then()
#62 /var/www/jexactyl/vendor/laravel/framework/src/Illuminate/Routing/Router.php(698): Illuminate\Routing\Router->runRouteWithinStack()
#63 /var/www/jexactyl/vendor/laravel/framework/src/Illuminate/Routing/Router.php(662): Illuminate\Routing\Router->runRoute()
#64 /var/www/jexactyl/vendor/laravel/framework/src/Illuminate/Routing/Router.php(651): Illuminate\Routing\Router->dispatchToRoute()
#65 /var/www/jexactyl/vendor/laravel/framework/src/Illuminate/Foundation/Http/Kernel.php(167): Illuminate\Routing\Router->dispatch()
#66 /var/www/jexactyl/vendor/laravel/framework/src/Illuminate/Pipeline/Pipeline.php(128): Illuminate\Foundation\Http\Kernel->Illuminate\Foundation\Http\{closure}()
#67 /var/www/jexactyl/vendor/laravel/framework/src/Illuminate/Foundation/Http/Middleware/TransformsRequest.php(21): Illuminate\Pipeline\Pipeline->Illuminate\Pipeline\{closure}()
#68 /var/www/jexactyl/vendor/laravel/framework/src/Illuminate/Foundation/Http/Middleware/ConvertEmptyStringsToNull.php(31): Illuminate\Foundation\Http\Middleware\TransformsRequest->handle()
#69 /var/www/jexactyl/vendor/laravel/framework/src/Illuminate/Pipeline/Pipeline.php(167): Illuminate\Foundation\Http\Middleware\ConvertEmptyStringsToNull->handle()
#70 /var/www/jexactyl/vendor/laravel/framework/src/Illuminate/Foundation/Http/Middleware/TrimStrings.php(36): Illuminate\Pipeline\Pipeline->Illuminate\Pipeline\{closure}()
#71 /var/www/jexactyl/vendor/laravel/framework/src/Illuminate/Pipeline/Pipeline.php(167): Illuminate\Foundation\Http\Middleware\TrimStrings->handle()
#72 /var/www/jexactyl/vendor/laravel/framework/src/Illuminate/Foundation/Http/Middleware/ValidatePostSize.php(27): Illuminate\Pipeline\Pipeline->Illuminate\Pipeline\{closure}()
#73 /var/www/jexactyl/vendor/laravel/framework/src/Illuminate/Pipeline/Pipeline.php(167): Illuminate\Foundation\Http\Middleware\ValidatePostSize->handle()
#74 /var/www/jexactyl/vendor/laravel/framework/src/Illuminate/Foundation/Http/Middleware/PreventRequestsDuringMaintenance.php(86): Illuminate\Pipeline\Pipeline->Illuminate\Pipeline\{closure}()
#75 /var/www/jexactyl/vendor/laravel/framework/src/Illuminate/Pipeline/Pipeline.php(167): Illuminate\Foundation\Http\Middleware\PreventRequestsDuringMaintenance->handle()
#76 /var/www/jexactyl/vendor/fruitcake/laravel-cors/src/HandleCors.php(52): Illuminate\Pipeline\Pipeline->Illuminate\Pipeline\{closure}()
#77 /var/www/jexactyl/vendor/laravel/framework/src/Illuminate/Pipeline/Pipeline.php(167): Fruitcake\Cors\HandleCors->handle()
#78 /var/www/jexactyl/vendor/laravel/framework/src/Illuminate/Http/Middleware/TrustProxies.php(39): Illuminate\Pipeline\Pipeline->Illuminate\Pipeline\{closure}()
#79 /var/www/jexactyl/vendor/laravel/framework/src/Illuminate/Pipeline/Pipeline.php(167): Illuminate\Http\Middleware\TrustProxies->handle()
#80 /var/www/jexactyl/vendor/laravel/framework/src/Illuminate/Pipeline/Pipeline.php(103): Illuminate\Pipeline\Pipeline->Illuminate\Pipeline\{closure}()
#81 /var/www/jexactyl/vendor/laravel/framework/src/Illuminate/Foundation/Http/Kernel.php(142): Illuminate\Pipeline\Pipeline->then()
#82 /var/www/jexactyl/vendor/laravel/framework/src/Illuminate/Foundation/Http/Kernel.php(111): Illuminate\Foundation\Http\Kernel->sendRequestThroughRouter()
#83 /var/www/jexactyl/public/index.php(68): Illuminate\Foundation\Http\Kernel->handle()
#84 {main} {"request_id":"3a77ed49-1b23-4ff7-a84c-0dc7b0662e82"} 
[2022-08-26 07:56:52] production.ERROR: GuzzleHttp\Exception\ServerException: Server error: `PUT https://sg1.bluedhost.tk:8080/api/servers/7a16983a-bbad-4805-ac76-66822393e0f4/files/rename` resulted in a `500 Internal Server Error` response:
{"error":"An unexpected error was encountered while processing this request.","error_id":"8cfaf003-201b-4c2d-9d18-225d1d (truncated...)
 in /var/www/jexactyl/vendor/guzzlehttp/guzzle/src/Exception/RequestException.php:113
Stack trace:
#0 /var/www/jexactyl/vendor/guzzlehttp/guzzle/src/Middleware.php(69): GuzzleHttp\Exception\RequestException::create()
#1 /var/www/jexactyl/vendor/guzzlehttp/promises/src/Promise.php(204): GuzzleHttp\Middleware::GuzzleHttp\{closure}()
#2 /var/www/jexactyl/vendor/guzzlehttp/promises/src/Promise.php(153): GuzzleHttp\Promise\Promise::callHandler()
#3 /var/www/jexactyl/vendor/guzzlehttp/promises/src/TaskQueue.php(48): GuzzleHttp\Promise\Promise::GuzzleHttp\Promise\{closure}()
#4 /var/www/jexactyl/vendor/guzzlehttp/promises/src/Promise.php(248): GuzzleHttp\Promise\TaskQueue->run()
#5 /var/www/jexactyl/vendor/guzzlehttp/promises/src/Promise.php(224): GuzzleHttp\Promise\Promise->invokeWaitFn()
#6 /var/www/jexactyl/vendor/guzzlehttp/promises/src/Promise.php(269): GuzzleHttp\Promise\Promise->waitIfPending()
#7 /var/www/jexactyl/vendor/guzzlehttp/promises/src/Promise.php(226): GuzzleHttp\Promise\Promise->invokeWaitList()
#8 /var/www/jexactyl/vendor/guzzlehttp/promises/src/Promise.php(62): GuzzleHttp\Promise\Promise->waitIfPending()
#9 /var/www/jexactyl/vendor/guzzlehttp/guzzle/src/Client.php(187): GuzzleHttp\Promise\Promise->wait()
#10 /var/www/jexactyl/vendor/guzzlehttp/guzzle/src/ClientTrait.php(78): GuzzleHttp\Client->request()
#11 /var/www/jexactyl/app/Repositories/Wings/DaemonFileRepository.php(132): GuzzleHttp\Client->put()
#12 /var/www/jexactyl/app/Http/Controllers/Api/Client/Servers/FileController.php(159): Pterodactyl\Repositories\Wings\DaemonFileRepository->renameFiles()
#13 /var/www/jexactyl/vendor/laravel/framework/src/Illuminate/Routing/Controller.php(54): Pterodactyl\Http\Controllers\Api\Client\Servers\FileController->rename()
#14 /var/www/jexactyl/vendor/laravel/framework/src/Illuminate/Routing/ControllerDispatcher.php(45): Illuminate\Routing\Controller->callAction()
#15 /var/www/jexactyl/vendor/laravel/framework/src/Illuminate/Routing/Route.php(262): Illuminate\Routing\ControllerDispatcher->dispatch()
#16 /var/www/jexactyl/vendor/laravel/framework/src/Illuminate/Routing/Route.php(205): Illuminate\Routing\Route->runController()
#17 /var/www/jexactyl/vendor/laravel/framework/src/Illuminate/Routing/Router.php(721): Illuminate\Routing\Route->run()
#18 /var/www/jexactyl/vendor/laravel/framework/src/Illuminate/Pipeline/Pipeline.php(128): Illuminate\Routing\Router->Illuminate\Routing\{closure}()
#19 /var/www/jexactyl/app/Http/Middleware/Api/Client/Server/ResourceBelongsToServer.php(88): Illuminate\Pipeline\Pipeline->Illuminate\Pipeline\{closure}()
#20 /var/www/jexactyl/vendor/laravel/framework/src/Illuminate/Pipeline/Pipeline.php(167): Pterodactyl\Http\Middleware\Api\Client\Server\ResourceBelongsToServer->handle()
#21 /var/www/jexactyl/app/Http/Middleware/Api/Client/Server/AuthenticateServerAccess.php(80): Illuminate\Pipeline\Pipeline->Illuminate\Pipeline\{closure}()
#22 /var/www/jexactyl/vendor/laravel/framework/src/Illuminate/Pipeline/Pipeline.php(167): Pterodactyl\Http\Middleware\Api\Client\Server\AuthenticateServerAccess->handle()
#23 /var/www/jexactyl/app/Http/Middleware/Activity/ServerSubject.php(28): Illuminate\Pipeline\Pipeline->Illuminate\Pipeline\{closure}()
#24 /var/www/jexactyl/vendor/laravel/framework/src/Illuminate/Pipeline/Pipeline.php(167): Pterodactyl\Http\Middleware\Activity\ServerSubject->handle()
#25 /var/www/jexactyl/vendor/laravel/framework/src/Illuminate/Routing/Middleware/ThrottleRequests.php(127): Illuminate\Pipeline\Pipeline->Illuminate\Pipeline\{closure}()
#26 /var/www/jexactyl/vendor/laravel/framework/src/Illuminate/Routing/Middleware/ThrottleRequests.php(103): Illuminate\Routing\Middleware\ThrottleRequests->handleRequest()
#27 /var/www/jexactyl/vendor/laravel/framework/src/Illuminate/Routing/Middleware/ThrottleRequests.php(55): Illuminate\Routing\Middleware\ThrottleRequests->handleRequestUsingNamedLimiter()
#28 /var/www/jexactyl/vendor/laravel/framework/src/Illuminate/Pipeline/Pipeline.php(167): Illuminate\Routing\Middleware\ThrottleRequests->handle()
#29 /var/www/jexactyl/app/Http/Middleware/Api/Client/RequireClientApiKey.php(25): Illuminate\Pipeline\Pipeline->Illuminate\Pipeline\{closure}()
#30 /var/www/jexactyl/vendor/laravel/framework/src/Illuminate/Pipeline/Pipeline.php(167): Pterodactyl\Http\Middleware\Api\Client\RequireClientApiKey->handle()
#31 /var/www/jexactyl/vendor/laravel/framework/src/Illuminate/Routing/Middleware/SubstituteBindings.php(50): Illuminate\Pipeline\Pipeline->Illuminate\Pipeline\{closure}()
#32 /var/www/jexactyl/app/Http/Middleware/Api/Client/SubstituteClientBindings.php(34): Illuminate\Routing\Middleware\SubstituteBindings->handle()
#33 /var/www/jexactyl/vendor/laravel/framework/src/Illuminate/Pipeline/Pipeline.php(167): Pterodactyl\Http\Middleware\Api\Client\SubstituteClientBindings->handle()
#34 /var/www/jexactyl/app/Http/Middleware/Api/AuthenticateIPAccess.php(33): Illuminate\Pipeline\Pipeline->Illuminate\Pipeline\{closure}()
#35 /var/www/jexactyl/vendor/laravel/framework/src/Illuminate/Pipeline/Pipeline.php(167): Pterodactyl\Http\Middleware\Api\AuthenticateIPAccess->handle()
#36 /var/www/jexactyl/app/Http/Middleware/RequireTwoFactorAuthentication.php(64): Illuminate\Pipeline\Pipeline->Illuminate\Pipeline\{closure}()
#37 /var/www/jexactyl/vendor/laravel/framework/src/Illuminate/Pipeline/Pipeline.php(167): Pterodactyl\Http\Middleware\RequireTwoFactorAuthentication->handle()
#38 /var/www/jexactyl/app/Http/Middleware/Activity/TrackAPIKey.php(28): Illuminate\Pipeline\Pipeline->Illuminate\Pipeline\{closure}()
#39 /var/www/jexactyl/vendor/laravel/framework/src/Illuminate/Pipeline/Pipeline.php(167): Pterodactyl\Http\Middleware\Activity\TrackAPIKey->handle()
#40 /var/www/jexactyl/app/Http/Middleware/Api/IsValidJson.php(29): Illuminate\Pipeline\Pipeline->Illuminate\Pipeline\{closure}()
#41 /var/www/jexactyl/vendor/laravel/framework/src/Illuminate/Pipeline/Pipeline.php(167): Pterodactyl\Http\Middleware\Api\IsValidJson->handle()
#42 /var/www/jexactyl/vendor/laravel/framework/src/Illuminate/Auth/Middleware/Authenticate.php(44): Illuminate\Pipeline\Pipeline->Illuminate\Pipeline\{closure}()
#43 /var/www/jexactyl/vendor/laravel/framework/src/Illuminate/Pipeline/Pipeline.php(167): Illuminate\Auth\Middleware\Authenticate->handle()
#44 /var/www/jexactyl/vendor/laravel/sanctum/src/Http/Middleware/EnsureFrontendRequestsAreStateful.php(33): Illuminate\Pipeline\Pipeline->Illuminate\Pipeline\{closure}()
#45 /var/www/jexactyl/vendor/laravel/framework/src/Illuminate/Pipeline/Pipeline.php(128): Laravel\Sanctum\Http\Middleware\EnsureFrontendRequestsAreStateful->Laravel\Sanctum\Http\Middleware\{closure}()
#46 /var/www/jexactyl/vendor/laravel/framework/src/Illuminate/Foundation/Http/Middleware/VerifyCsrfToken.php(78): Illuminate\Pipeline\Pipeline->Illuminate\Pipeline\{closure}()
#47 /var/www/jexactyl/vendor/laravel/framework/src/Illuminate/Pipeline/Pipeline.php(167): Illuminate\Foundation\Http\Middleware\VerifyCsrfToken->handle()
#48 /var/www/jexactyl/vendor/laravel/framework/src/Illuminate/Session/Middleware/StartSession.php(121): Illuminate\Pipeline\Pipeline->Illuminate\Pipeline\{closure}()
#49 /var/www/jexactyl/vendor/laravel/framework/src/Illuminate/Session/Middleware/StartSession.php(64): Illuminate\Session\Middleware\StartSession->handleStatefulRequest()
#50 /var/www/jexactyl/vendor/laravel/framework/src/Illuminate/Pipeline/Pipeline.php(167): Illuminate\Session\Middleware\StartSession->handle()
#51 /var/www/jexactyl/vendor/laravel/framework/src/Illuminate/Cookie/Middleware/AddQueuedCookiesToResponse.php(37): Illuminate\Pipeline\Pipeline->Illuminate\Pipeline\{closure}()
#52 /var/www/jexactyl/vendor/laravel/framework/src/Illuminate/Pipeline/Pipeline.php(167): Illuminate\Cookie\Middleware\AddQueuedCookiesToResponse->handle()
#53 /var/www/jexactyl/vendor/laravel/framework/src/Illuminate/Cookie/Middleware/EncryptCookies.php(67): Illuminate\Pipeline\Pipeline->Illuminate\Pipeline\{closure}()
#54 /var/www/jexactyl/vendor/laravel/framework/src/Illuminate/Pipeline/Pipeline.php(167): Illuminate\Cookie\Middleware\EncryptCookies->handle()
#55 /var/www/jexactyl/vendor/laravel/sanctum/src/Http/Middleware/EnsureFrontendRequestsAreStateful.php(26): Illuminate\Pipeline\Pipeline->Illuminate\Pipeline\{closure}()
#56 /var/www/jexactyl/vendor/laravel/framework/src/Illuminate/Pipeline/Pipeline.php(149): Laravel\Sanctum\Http\Middleware\EnsureFrontendRequestsAreStateful->Laravel\Sanctum\Http\Middleware\{closure}()
#57 /var/www/jexactyl/vendor/laravel/framework/src/Illuminate/Pipeline/Pipeline.php(103): Illuminate\Pipeline\Pipeline->Illuminate\Pipeline\{closure}()
#58 /var/www/jexactyl/vendor/laravel/sanctum/src/Http/Middleware/EnsureFrontendRequestsAreStateful.php(34): Illuminate\Pipeline\Pipeline->then()
#59 /var/www/jexactyl/vendor/laravel/framework/src/Illuminate/Pipeline/Pipeline.php(167): Laravel\Sanctum\Http\Middleware\EnsureFrontendRequestsAreStateful->handle()
#60 /var/www/jexactyl/vendor/laravel/framework/src/Illuminate/Pipeline/Pipeline.php(103): Illuminate\Pipeline\Pipeline->Illuminate\Pipeline\{closure}()
#61 /var/www/jexactyl/vendor/laravel/framework/src/Illuminate/Routing/Router.php(723): Illuminate\Pipeline\Pipeline->then()
#62 /var/www/jexactyl/vendor/laravel/framework/src/Illuminate/Routing/Router.php(698): Illuminate\Routing\Router->runRouteWithinStack()
#63 /var/www/jexactyl/vendor/laravel/framework/src/Illuminate/Routing/Router.php(662): Illuminate\Routing\Router->runRoute()
#64 /var/www/jexactyl/vendor/laravel/framework/src/Illuminate/Routing/Router.php(651): Illuminate\Routing\Router->dispatchToRoute()
#65 /var/www/jexactyl/vendor/laravel/framework/src/Illuminate/Foundation/Http/Kernel.php(167): Illuminate\Routing\Router->dispatch()
#66 /var/www/jexactyl/vendor/laravel/framework/src/Illuminate/Pipeline/Pipeline.php(128): Illuminate\Foundation\Http\Kernel->Illuminate\Foundation\Http\{closure}()
#67 /var/www/jexactyl/vendor/laravel/framework/src/Illuminate/Foundation/Http/Middleware/TransformsRequest.php(21): Illuminate\Pipeline\Pipeline->Illuminate\Pipeline\{closure}()
#68 /var/www/jexactyl/vendor/laravel/framework/src/Illuminate/Foundation/Http/Middleware/ConvertEmptyStringsToNull.php(31): Illuminate\Foundation\Http\Middleware\TransformsRequest->handle()
#69 /var/www/jexactyl/vendor/laravel/framework/src/Illuminate/Pipeline/Pipeline.php(167): Illuminate\Foundation\Http\Middleware\ConvertEmptyStringsToNull->handle()
#70 /var/www/jexactyl/vendor/laravel/framework/src/Illuminate/Foundation/Http/Middleware/TrimStrings.php(36): Illuminate\Pipeline\Pipeline->Illuminate\Pipeline\{closure}()
#71 /var/www/jexactyl/vendor/laravel/framework/src/Illuminate/Pipeline/Pipeline.php(167): Illuminate\Foundation\Http\Middleware\TrimStrings->handle()
#72 /var/www/jexactyl/vendor/laravel/framework/src/Illuminate/Foundation/Http/Middleware/ValidatePostSize.php(27): Illuminate\Pipeline\Pipeline->Illuminate\Pipeline\{closure}()
#73 /var/www/jexactyl/vendor/laravel/framework/src/Illuminate/Pipeline/Pipeline.php(167): Illuminate\Foundation\Http\Middleware\ValidatePostSize->handle()
#74 /var/www/jexactyl/vendor/laravel/framework/src/Illuminate/Foundation/Http/Middleware/PreventRequestsDuringMaintenance.php(86): Illuminate\Pipeline\Pipeline->Illuminate\Pipeline\{closure}()
#75 /var/www/jexactyl/vendor/laravel/framework/src/Illuminate/Pipeline/Pipeline.php(167): Illuminate\Foundation\Http\Middleware\PreventRequestsDuringMaintenance->handle()
#76 /var/www/jexactyl/vendor/fruitcake/laravel-cors/src/HandleCors.php(52): Illuminate\Pipeline\Pipeline->Illuminate\Pipeline\{closure}()
#77 /var/www/jexactyl/vendor/laravel/framework/src/Illuminate/Pipeline/Pipeline.php(167): Fruitcake\Cors\HandleCors->handle()
#78 /var/www/jexactyl/vendor/laravel/framework/src/Illuminate/Http/Middleware/TrustProxies.php(39): Illuminate\Pipeline\Pipeline->Illuminate\Pipeline\{closure}()
#79 /var/www/jexactyl/vendor/laravel/framework/src/Illuminate/Pipeline/Pipeline.php(167): Illuminate\Http\Middleware\TrustProxies->handle()
#80 /var/www/jexactyl/vendor/laravel/framework/src/Illuminate/Pipeline/Pipeline.php(103): Illuminate\Pipeline\Pipeline->Illuminate\Pipeline\{closure}()
#81 /var/www/jexactyl/vendor/laravel/framework/src/Illuminate/Foundation/Http/Kernel.php(142): Illuminate\Pipeline\Pipeline->then()
#82 /var/www/jexactyl/vendor/laravel/framework/src/Illuminate/Foundation/Http/Kernel.php(111): Illuminate\Foundation\Http\Kernel->sendRequestThroughRouter()
#83 /var/www/jexactyl/public/index.php(68): Illuminate\Foundation\Http\Kernel->handle()
#84 {main} {"request_id":"e6f17268-bb28-42cd-b458-9301a14b6d80"} 
